This file contains any messages produced by compilers while
running configure, to aid debugging if configure makes a mistake.

It was created by GNU Awk configure 3.1.8, which was
generated by GNU Autoconf 2.65.  Invocation command line was

  $ ./configure 

## --------- ##
## Platform. ##
## --------- ##

hostname = alejandro
uname -m = x86_64
uname -r = 5.15.0-43-generic
uname -s = Linux
uname -v = #46~20.04.1-Ubuntu SMP Thu Jul 14 15:20:17 UTC 2022

/usr/bin/uname -p = x86_64
/bin/uname -X     = unknown

/bin/arch              = x86_64
/usr/bin/arch -k       = unknown
/usr/convex/getsysinfo = unknown
/usr/bin/hostinfo      = unknown
/bin/machine           = unknown
/usr/bin/oslevel       = unknown
/bin/universe          = unknown

PATH: /home/alejandro/.local/bin
PATH: /usr/local/sbin
PATH: /usr/local/bin
PATH: /usr/sbin
PATH: /usr/bin
PATH: /sbin
PATH: /bin
PATH: /usr/games
PATH: /usr/local/games
PATH: /snap/bin


## ----------- ##
## Core tests. ##
## ----------- ##

configure:2571: checking for a BSD-compatible install
configure:2639: result: ./install-sh -c
configure:2650: checking whether build environment is sane
configure:2700: result: yes
configure:2841: checking for a thread-safe mkdir -p
configure:2880: result: /usr/bin/mkdir -p
configure:2893: checking for gawk
configure:2923: result: no
configure:2893: checking for mawk
configure:2909: found /usr/bin/mawk
configure:2920: result: mawk
configure:2931: checking whether make sets $(MAKE)
configure:2953: result: yes
configure:3105: checking for style of include used by make
configure:3133: result: GNU
configure:3203: checking for gcc
configure:3219: found /usr/bin/gcc
configure:3230: result: gcc
configure:3459: checking for C compiler version
configure:3468: gcc --version >&5
gcc (Ubuntu 9.4.0-1ubuntu1~20.04.1) 9.4.0
Copyright (C) 2019 Free Software Foundation, Inc.
This is free software; see the source for copying conditions.  There is NO
warranty; not even for MERCHANTABILITY or FITNESS FOR A PARTICULAR PURPOSE.

configure:3479: $? = 0
configure:3468: gcc -v >&5
Using built-in specs.
COLLECT_GCC=gcc
COLLECT_LTO_WRAPPER=/usr/lib/gcc/x86_64-linux-gnu/9/lto-wrapper
OFFLOAD_TARGET_NAMES=nvptx-none:hsa
OFFLOAD_TARGET_DEFAULT=1
Target: x86_64-linux-gnu
Configured with: ../src/configure -v --with-pkgversion='Ubuntu 9.4.0-1ubuntu1~20.04.1' --with-bugurl=file:///usr/share/doc/gcc-9/README.Bugs --enable-languages=c,ada,c++,go,brig,d,fortran,objc,obj-c++,gm2 --prefix=/usr --with-gcc-major-version-only --program-suffix=-9 --program-prefix=x86_64-linux-gnu- --enable-shared --enable-linker-build-id --libexecdir=/usr/lib --without-included-gettext --enable-threads=posix --libdir=/usr/lib --enable-nls --enable-clocale=gnu --enable-libstdcxx-debug --enable-libstdcxx-time=yes --with-default-libstdcxx-abi=new --enable-gnu-unique-object --disable-vtable-verify --enable-plugin --enable-default-pie --with-system-zlib --with-target-system-zlib=auto --enable-objc-gc=auto --enable-multiarch --disable-werror --with-arch-32=i686 --with-abi=m64 --with-multilib-list=m32,m64,mx32 --enable-multilib --with-tune=generic --enable-offload-targets=nvptx-none=/build/gcc-9-Av3uEd/gcc-9-9.4.0/debian/tmp-nvptx/usr,hsa --without-cuda-driver --enable-checking=release --build=x86_64-linux-gnu --host=x86_64-linux-gnu --target=x86_64-linux-gnu
Thread model: posix
gcc version 9.4.0 (Ubuntu 9.4.0-1ubuntu1~20.04.1) 
configure:3479: $? = 0
configure:3468: gcc -V >&5
gcc: error: unrecognized command line option '-V'
gcc: fatal error: no input files
compilation terminated.
configure:3479: $? = 1
configure:3468: gcc -qversion >&5
gcc: error: unrecognized command line option '-qversion'; did you mean '--version'?
gcc: fatal error: no input files
compilation terminated.
configure:3479: $? = 1
configure:3499: checking whether the C compiler works
configure:3521: gcc    conftest.c  >&5
configure:3525: $? = 0
configure:3574: result: yes
configure:3577: checking for C compiler default output file name
configure:3579: result: a.out
configure:3585: checking for suffix of executables
configure:3592: gcc -o conftest    conftest.c  >&5
configure:3596: $? = 0
configure:3618: result: 
configure:3640: checking whether we are cross compiling
configure:3648: gcc -o conftest    conftest.c  >&5
configure:3652: $? = 0
configure:3659: ./conftest
configure:3663: $? = 0
configure:3651: result: no
configure:3656: checking for suffix of object files
configure:3678: gcc -c   conftest.c >&5
configure:3682: $? = 0
configure:3703: result: o
configure:3707: checking whether we are using the GNU C compiler
configure:3726: gcc -c   conftest.c >&5
configure:3726: $? = 0
configure:3735: result: yes
configure:3744: checking whether gcc accepts -g
configure:3764: gcc -c -g  conftest.c >&5
configure:3764: $? = 0
configure:3805: result: yes
configure:3822: checking for gcc option to accept ISO C89
configure:3886: gcc  -c -g -O2  conftest.c >&5
configure:3886: $? = 0
configure:3899: result: none needed
configure:3921: checking dependency style of gcc
configure:4031: result: gcc3
configure:4052: checking how to run the C preprocessor
configure:4083: gcc -E  conftest.c
configure:4083: $? = 0
configure:4097: gcc -E  conftest.c
conftest.c:11:10: fatal error: ac_nonexistent.h: No such file or directory
   11 | #include <ac_nonexistent.h>
      |          ^~~~~~~~~~~~~~~~~~
compilation terminated.
configure:4097: $? = 1
configure: failed program was:
| /* confdefs.h */
| #define PACKAGE_NAME "GNU Awk"
| #define PACKAGE_TARNAME "gawk"
| #define PACKAGE_VERSION "3.1.8"
| #define PACKAGE_STRING "GNU Awk 3.1.8"
| #define PACKAGE_BUGREPORT "bug-gawk@gnu.org"
| #define PACKAGE_URL "http://www.gnu.org/software/gawk/"
| #define PACKAGE "gawk"
| #define VERSION "3.1.8"
| /* end confdefs.h.  */
| #include <ac_nonexistent.h>
configure:4122: result: gcc -E
configure:4142: gcc -E  conftest.c
configure:4142: $? = 0
configure:4156: gcc -E  conftest.c
conftest.c:11:10: fatal error: ac_nonexistent.h: No such file or directory
   11 | #include <ac_nonexistent.h>
      |          ^~~~~~~~~~~~~~~~~~
compilation terminated.
configure:4156: $? = 1
configure: failed program was:
| /* confdefs.h */
| #define PACKAGE_NAME "GNU Awk"
| #define PACKAGE_TARNAME "gawk"
| #define PACKAGE_VERSION "3.1.8"
| #define PACKAGE_STRING "GNU Awk 3.1.8"
| #define PACKAGE_BUGREPORT "bug-gawk@gnu.org"
| #define PACKAGE_URL "http://www.gnu.org/software/gawk/"
| #define PACKAGE "gawk"
| #define VERSION "3.1.8"
| /* end confdefs.h.  */
| #include <ac_nonexistent.h>
configure:4185: checking for grep that handles long lines and -e
configure:4243: result: /usr/bin/grep
configure:4248: checking for egrep
configure:4310: result: /usr/bin/grep -E
configure:4315: checking for ANSI C header files
configure:4335: gcc -c -g -O2  conftest.c >&5
configure:4335: $? = 0
configure:4408: gcc -o conftest -g -O2   conftest.c  >&5
configure:4408: $? = 0
configure:4408: ./conftest
configure:4408: $? = 0
configure:4419: result: yes
configure:4432: checking for sys/types.h
configure:4432: gcc -c -g -O2  conftest.c >&5
configure:4432: $? = 0
configure:4432: result: yes
configure:4432: checking for sys/stat.h
configure:4432: gcc -c -g -O2  conftest.c >&5
configure:4432: $? = 0
configure:4432: result: yes
configure:4432: checking for stdlib.h
configure:4432: gcc -c -g -O2  conftest.c >&5
configure:4432: $? = 0
configure:4432: result: yes
configure:4432: checking for string.h
configure:4432: gcc -c -g -O2  conftest.c >&5
configure:4432: $? = 0
configure:4432: result: yes
configure:4432: checking for memory.h
configure:4432: gcc -c -g -O2  conftest.c >&5
configure:4432: $? = 0
configure:4432: result: yes
configure:4432: checking for strings.h
configure:4432: gcc -c -g -O2  conftest.c >&5
configure:4432: $? = 0
configure:4432: result: yes
configure:4432: checking for inttypes.h
configure:4432: gcc -c -g -O2  conftest.c >&5
configure:4432: $? = 0
configure:4432: result: yes
configure:4432: checking for stdint.h
configure:4432: gcc -c -g -O2  conftest.c >&5
configure:4432: $? = 0
configure:4432: result: yes
configure:4432: checking for unistd.h
configure:4432: gcc -c -g -O2  conftest.c >&5
configure:4432: $? = 0
configure:4432: result: yes
configure:4446: checking minix/config.h usability
configure:4446: gcc -c -g -O2  conftest.c >&5
conftest.c:54:10: fatal error: minix/config.h: No such file or directory
   54 | #include <minix/config.h>
      |          ^~~~~~~~~~~~~~~~
compilation terminated.
configure:4446: $? = 1
configure: failed program was:
| /* confdefs.h */
| #define PACKAGE_NAME "GNU Awk"
| #define PACKAGE_TARNAME "gawk"
| #define PACKAGE_VERSION "3.1.8"
| #define PACKAGE_STRING "GNU Awk 3.1.8"
| #define PACKAGE_BUGREPORT "bug-gawk@gnu.org"
| #define PACKAGE_URL "http://www.gnu.org/software/gawk/"
| #define PACKAGE "gawk"
| #define VERSION "3.1.8"
| #define STDC_HEADERS 1
| #define HAVE_SYS_TYPES_H 1
| #define HAVE_SYS_STAT_H 1
| #define HAVE_STDLIB_H 1
| #define HAVE_STRING_H 1
| #define HAVE_MEMORY_H 1
| #define HAVE_STRINGS_H 1
| #define HAVE_INTTYPES_H 1
| #define HAVE_STDINT_H 1
| #define HAVE_UNISTD_H 1
| /* end confdefs.h.  */
| #include <stdio.h>
| #ifdef HAVE_SYS_TYPES_H
| # include <sys/types.h>
| #endif
| #ifdef HAVE_SYS_STAT_H
| # include <sys/stat.h>
| #endif
| #ifdef STDC_HEADERS
| # include <stdlib.h>
| # include <stddef.h>
| #else
| # ifdef HAVE_STDLIB_H
| #  include <stdlib.h>
| # endif
| #endif
| #ifdef HAVE_STRING_H
| # if !defined STDC_HEADERS && defined HAVE_MEMORY_H
| #  include <memory.h>
| # endif
| # include <string.h>
| #endif
| #ifdef HAVE_STRINGS_H
| # include <strings.h>
| #endif
| #ifdef HAVE_INTTYPES_H
| # include <inttypes.h>
| #endif
| #ifdef HAVE_STDINT_H
| # include <stdint.h>
| #endif
| #ifdef HAVE_UNISTD_H
| # include <unistd.h>
| #endif
| #include <minix/config.h>
configure:4446: result: no
configure:4446: checking minix/config.h presence
configure:4446: gcc -E  conftest.c
conftest.c:21:10: fatal error: minix/config.h: No such file or directory
   21 | #include <minix/config.h>
      |          ^~~~~~~~~~~~~~~~
compilation terminated.
configure:4446: $? = 1
configure: failed program was:
| /* confdefs.h */
| #define PACKAGE_NAME "GNU Awk"
| #define PACKAGE_TARNAME "gawk"
| #define PACKAGE_VERSION "3.1.8"
| #define PACKAGE_STRING "GNU Awk 3.1.8"
| #define PACKAGE_BUGREPORT "bug-gawk@gnu.org"
| #define PACKAGE_URL "http://www.gnu.org/software/gawk/"
| #define PACKAGE "gawk"
| #define VERSION "3.1.8"
| #define STDC_HEADERS 1
| #define HAVE_SYS_TYPES_H 1
| #define HAVE_SYS_STAT_H 1
| #define HAVE_STDLIB_H 1
| #define HAVE_STRING_H 1
| #define HAVE_MEMORY_H 1
| #define HAVE_STRINGS_H 1
| #define HAVE_INTTYPES_H 1
| #define HAVE_STDINT_H 1
| #define HAVE_UNISTD_H 1
| /* end confdefs.h.  */
| #include <minix/config.h>
configure:4446: result: no
configure:4446: checking for minix/config.h
configure:4446: result: no
configure:4467: checking whether it is safe to define __EXTENSIONS__
configure:4485: gcc -c -g -O2  conftest.c >&5
configure:4485: $? = 0
configure:4492: result: yes
configure:4507: checking for egrep
configure:4569: result: /usr/bin/grep -E
configure:4578: checking for bison
configure:4608: result: no
configure:4578: checking for byacc
configure:4608: result: no
configure:4617: checking whether ln -s works
configure:4621: result: yes
configure:4676: checking for gcc
configure:4703: result: gcc
configure:4932: checking for C compiler version
configure:4941: gcc --version >&5
gcc (Ubuntu 9.4.0-1ubuntu1~20.04.1) 9.4.0
Copyright (C) 2019 Free Software Foundation, Inc.
This is free software; see the source for copying conditions.  There is NO
warranty; not even for MERCHANTABILITY or FITNESS FOR A PARTICULAR PURPOSE.

configure:4952: $? = 0
configure:4941: gcc -v >&5
Using built-in specs.
COLLECT_GCC=gcc
COLLECT_LTO_WRAPPER=/usr/lib/gcc/x86_64-linux-gnu/9/lto-wrapper
OFFLOAD_TARGET_NAMES=nvptx-none:hsa
OFFLOAD_TARGET_DEFAULT=1
Target: x86_64-linux-gnu
Configured with: ../src/configure -v --with-pkgversion='Ubuntu 9.4.0-1ubuntu1~20.04.1' --with-bugurl=file:///usr/share/doc/gcc-9/README.Bugs --enable-languages=c,ada,c++,go,brig,d,fortran,objc,obj-c++,gm2 --prefix=/usr --with-gcc-major-version-only --program-suffix=-9 --program-prefix=x86_64-linux-gnu- --enable-shared --enable-linker-build-id --libexecdir=/usr/lib --without-included-gettext --enable-threads=posix --libdir=/usr/lib --enable-nls --enable-clocale=gnu --enable-libstdcxx-debug --enable-libstdcxx-time=yes --with-default-libstdcxx-abi=new --enable-gnu-unique-object --disable-vtable-verify --enable-plugin --enable-default-pie --with-system-zlib --with-target-system-zlib=auto --enable-objc-gc=auto --enable-multiarch --disable-werror --with-arch-32=i686 --with-abi=m64 --with-multilib-list=m32,m64,mx32 --enable-multilib --with-tune=generic --enable-offload-targets=nvptx-none=/build/gcc-9-Av3uEd/gcc-9-9.4.0/debian/tmp-nvptx/usr,hsa --without-cuda-driver --enable-checking=release --build=x86_64-linux-gnu --host=x86_64-linux-gnu --target=x86_64-linux-gnu
Thread model: posix
gcc version 9.4.0 (Ubuntu 9.4.0-1ubuntu1~20.04.1) 
configure:4952: $? = 0
configure:4941: gcc -V >&5
gcc: error: unrecognized command line option '-V'
gcc: fatal error: no input files
compilation terminated.
configure:4952: $? = 1
configure:4941: gcc -qversion >&5
gcc: error: unrecognized command line option '-qversion'; did you mean '--version'?
gcc: fatal error: no input files
compilation terminated.
configure:4952: $? = 1
configure:4956: checking whether we are using the GNU C compiler
configure:4984: result: yes
configure:4993: checking whether gcc accepts -g
configure:5054: result: yes
configure:5071: checking for gcc option to accept ISO C89
configure:5148: result: none needed
configure:5170: checking dependency style of gcc
configure:5280: result: gcc3
configure:5300: checking how to run the C preprocessor
configure:5370: result: gcc -E
configure:5390: gcc -E  conftest.c
configure:5390: $? = 0
configure:5404: gcc -E  conftest.c
conftest.c:26:10: fatal error: ac_nonexistent.h: No such file or directory
   26 | #include <ac_nonexistent.h>
      |          ^~~~~~~~~~~~~~~~~~
compilation terminated.
configure:5404: $? = 1
configure: failed program was:
| /* confdefs.h */
| #define PACKAGE_NAME "GNU Awk"
| #define PACKAGE_TARNAME "gawk"
| #define PACKAGE_VERSION "3.1.8"
| #define PACKAGE_STRING "GNU Awk 3.1.8"
| #define PACKAGE_BUGREPORT "bug-gawk@gnu.org"
| #define PACKAGE_URL "http://www.gnu.org/software/gawk/"
| #define PACKAGE "gawk"
| #define VERSION "3.1.8"
| #define STDC_HEADERS 1
| #define HAVE_SYS_TYPES_H 1
| #define HAVE_SYS_STAT_H 1
| #define HAVE_STDLIB_H 1
| #define HAVE_STRING_H 1
| #define HAVE_MEMORY_H 1
| #define HAVE_STRINGS_H 1
| #define HAVE_INTTYPES_H 1
| #define HAVE_STDINT_H 1
| #define HAVE_UNISTD_H 1
| #define __EXTENSIONS__ 1
| #define _ALL_SOURCE 1
| #define _GNU_SOURCE 1
| #define _POSIX_PTHREAD_SEMANTICS 1
| #define _TANDEM_SOURCE 1
| /* end confdefs.h.  */
| #include <ac_nonexistent.h>
configure:5437: checking whether make sets $(MAKE)
configure:5459: result: yes
configure:5471: checking for special development options
configure:5491: result: no
configure:5498: checking for z/OS USS compilation
configure:5509: result: no
configure:5513: checking for strerror in -lcposix
configure:5538: gcc -o conftest -g -O2   conftest.c -lcposix   >&5
/usr/bin/ld: cannot find -lcposix
collect2: error: ld returned 1 exit status
configure:5538: $? = 1
configure: failed program was:
| /* confdefs.h */
| #define PACKAGE_NAME "GNU Awk"
| #define PACKAGE_TARNAME "gawk"
| #define PACKAGE_VERSION "3.1.8"
| #define PACKAGE_STRING "GNU Awk 3.1.8"
| #define PACKAGE_BUGREPORT "bug-gawk@gnu.org"
| #define PACKAGE_URL "http://www.gnu.org/software/gawk/"
| #define PACKAGE "gawk"
| #define VERSION "3.1.8"
| #define STDC_HEADERS 1
| #define HAVE_SYS_TYPES_H 1
| #define HAVE_SYS_STAT_H 1
| #define HAVE_STDLIB_H 1
| #define HAVE_STRING_H 1
| #define HAVE_MEMORY_H 1
| #define HAVE_STRINGS_H 1
| #define HAVE_INTTYPES_H 1
| #define HAVE_STDINT_H 1
| #define HAVE_UNISTD_H 1
| #define __EXTENSIONS__ 1
| #define _ALL_SOURCE 1
| #define _GNU_SOURCE 1
| #define _POSIX_PTHREAD_SEMANTICS 1
| #define _TANDEM_SOURCE 1
| /* end confdefs.h.  */
| 
| /* Override any GCC internal prototype to avoid an error.
|    Use char because int might match the return type of a GCC
|    builtin and then its argument prototype would still apply.  */
| #ifdef __cplusplus
| extern "C"
| #endif
| char strerror ();
| int
| main ()
| {
| return strerror ();
|   ;
|   return 0;
| }
configure:5547: result: no
configure:5562: checking for special C compiler options needed for large files
configure:5607: result: no
configure:5613: checking for _FILE_OFFSET_BITS value needed for large files
configure:5638: gcc -c -g -O2  conftest.c >&5
configure:5638: $? = 0
configure:5670: result: no
configure:5754: checking for AIX compilation hacks
configure:5769: result: no
configure:5773: checking for Linux/Alpha compilation hacks
configure:5795: result: no
configure:5804: checking for function prototypes
configure:5807: result: yes
configure:5830: checking for string.h
configure:5830: result: yes
configure:5852: checking whether NLS is requested
configure:5861: result: yes
configure:5902: checking for msgfmt
configure: trying /usr/bin/msgfmt...
0 translated messages.
configure:5934: result: /usr/bin/msgfmt
configure:5943: checking for gmsgfmt
configure:5974: result: /usr/bin/msgfmt
configure:6025: checking for xgettext
configure: trying /usr/bin/xgettext...
/usr/bin/xgettext: warning: file '/dev/null' extension '' is unknown; will try C
configure:6057: result: /usr/bin/xgettext
configure:6103: checking for msgmerge
configure: trying /usr/bin/msgmerge...
configure:6134: result: /usr/bin/msgmerge
configure:6171: checking build system type
configure:6185: result: x86_64-unknown-linux-gnu
configure:6205: checking host system type
configure:6218: result: x86_64-unknown-linux-gnu
configure:6262: checking for ld used by GCC
configure:6326: result: /usr/bin/ld
configure:6333: checking if the linker (/usr/bin/ld) is GNU ld
configure:6346: result: yes
configure:6353: checking for shared library run path origin
configure:6366: result: done
configure:6867: checking for CFPreferencesCopyAppValue
configure:6885: gcc -o conftest -g -O2   conftest.c  -Wl,-framework -Wl,CoreFoundation >&5
conftest.c:29:10: fatal error: CoreFoundation/CFPreferences.h: No such file or directory
   29 | #include <CoreFoundation/CFPreferences.h>
      |          ^~~~~~~~~~~~~~~~~~~~~~~~~~~~~~~~
compilation terminated.
configure:6885: $? = 1
configure: failed program was:
| /* confdefs.h */
| #define PACKAGE_NAME "GNU Awk"
| #define PACKAGE_TARNAME "gawk"
| #define PACKAGE_VERSION "3.1.8"
| #define PACKAGE_STRING "GNU Awk 3.1.8"
| #define PACKAGE_BUGREPORT "bug-gawk@gnu.org"
| #define PACKAGE_URL "http://www.gnu.org/software/gawk/"
| #define PACKAGE "gawk"
| #define VERSION "3.1.8"
| #define STDC_HEADERS 1
| #define HAVE_SYS_TYPES_H 1
| #define HAVE_SYS_STAT_H 1
| #define HAVE_STDLIB_H 1
| #define HAVE_STRING_H 1
| #define HAVE_MEMORY_H 1
| #define HAVE_STRINGS_H 1
| #define HAVE_INTTYPES_H 1
| #define HAVE_STDINT_H 1
| #define HAVE_UNISTD_H 1
| #define __EXTENSIONS__ 1
| #define _ALL_SOURCE 1
| #define _GNU_SOURCE 1
| #define _POSIX_PTHREAD_SEMANTICS 1
| #define _TANDEM_SOURCE 1
| #define PROTOTYPES 1
| #define __PROTOTYPES 1
| #define HAVE_STRING_H 1
| /* end confdefs.h.  */
| #include <CoreFoundation/CFPreferences.h>
| int
| main ()
| {
| CFPreferencesCopyAppValue(NULL, NULL)
|   ;
|   return 0;
| }
configure:6894: result: no
configure:6901: checking for CFLocaleCopyCurrent
configure:6919: gcc -o conftest -g -O2   conftest.c  -Wl,-framework -Wl,CoreFoundation >&5
conftest.c:29:10: fatal error: CoreFoundation/CFLocale.h: No such file or directory
   29 | #include <CoreFoundation/CFLocale.h>
      |          ^~~~~~~~~~~~~~~~~~~~~~~~~~~
compilation terminated.
configure:6919: $? = 1
configure: failed program was:
| /* confdefs.h */
| #define PACKAGE_NAME "GNU Awk"
| #define PACKAGE_TARNAME "gawk"
| #define PACKAGE_VERSION "3.1.8"
| #define PACKAGE_STRING "GNU Awk 3.1.8"
| #define PACKAGE_BUGREPORT "bug-gawk@gnu.org"
| #define PACKAGE_URL "http://www.gnu.org/software/gawk/"
| #define PACKAGE "gawk"
| #define VERSION "3.1.8"
| #define STDC_HEADERS 1
| #define HAVE_SYS_TYPES_H 1
| #define HAVE_SYS_STAT_H 1
| #define HAVE_STDLIB_H 1
| #define HAVE_STRING_H 1
| #define HAVE_MEMORY_H 1
| #define HAVE_STRINGS_H 1
| #define HAVE_INTTYPES_H 1
| #define HAVE_STDINT_H 1
| #define HAVE_UNISTD_H 1
| #define __EXTENSIONS__ 1
| #define _ALL_SOURCE 1
| #define _GNU_SOURCE 1
| #define _POSIX_PTHREAD_SEMANTICS 1
| #define _TANDEM_SOURCE 1
| #define PROTOTYPES 1
| #define __PROTOTYPES 1
| #define HAVE_STRING_H 1
| /* end confdefs.h.  */
| #include <CoreFoundation/CFLocale.h>
| int
| main ()
| {
| CFLocaleCopyCurrent();
|   ;
|   return 0;
| }
configure:6928: result: no
configure:6977: checking for GNU gettext in libc
configure:6997: gcc -o conftest -g -O2   conftest.c  >&5
configure:6997: $? = 0
configure:7006: result: yes
configure:7752: checking whether to use NLS
configure:7754: result: yes
configure:7757: checking where the gettext function comes from
configure:7768: result: libc
configure:7827: checking for nl_langinfo and CODESET
configure:7843: gcc -o conftest -g -O2   conftest.c  >&5
configure:7843: $? = 0
configure:7852: result: yes
configure:7861: checking for LC_MESSAGES
configure:7877: gcc -o conftest -g -O2   conftest.c  >&5
configure:7877: $? = 0
configure:7885: result: yes
configure:7894: checking for ANSI C header files
configure:7998: result: yes
configure:8006: checking for sys/wait.h that is POSIX.1 compatible
configure:8032: gcc -c -g -O2  conftest.c >&5
configure:8032: $? = 0
configure:8039: result: yes
configure:8047: checking whether time.h and sys/time.h may both be included
configure:8067: gcc -c -g -O2  conftest.c >&5
configure:8067: $? = 0
configure:8074: result: yes
configure:8088: checking arpa/inet.h usability
configure:8088: gcc -c -g -O2  conftest.c >&5
configure:8088: $? = 0
configure:8088: result: yes
configure:8088: checking arpa/inet.h presence
configure:8088: gcc -E  conftest.c
configure:8088: $? = 0
configure:8088: result: yes
configure:8088: checking for arpa/inet.h
configure:8088: result: yes
configure:8088: checking fcntl.h usability
configure:8088: gcc -c -g -O2  conftest.c >&5
configure:8088: $? = 0
configure:8088: result: yes
configure:8088: checking fcntl.h presence
configure:8088: gcc -E  conftest.c
configure:8088: $? = 0
configure:8088: result: yes
configure:8088: checking for fcntl.h
configure:8088: result: yes
configure:8088: checking limits.h usability
configure:8088: gcc -c -g -O2  conftest.c >&5
configure:8088: $? = 0
configure:8088: result: yes
configure:8088: checking limits.h presence
configure:8088: gcc -E  conftest.c
configure:8088: $? = 0
configure:8088: result: yes
configure:8088: checking for limits.h
configure:8088: result: yes
configure:8088: checking locale.h usability
configure:8088: gcc -c -g -O2  conftest.c >&5
configure:8088: $? = 0
configure:8088: result: yes
configure:8088: checking locale.h presence
configure:8088: gcc -E  conftest.c
configure:8088: $? = 0
configure:8088: result: yes
configure:8088: checking for locale.h
configure:8088: result: yes
configure:8088: checking libintl.h usability
configure:8088: gcc -c -g -O2  conftest.c >&5
configure:8088: $? = 0
configure:8088: result: yes
configure:8088: checking libintl.h presence
configure:8088: gcc -E  conftest.c
configure:8088: $? = 0
configure:8088: result: yes
configure:8088: checking for libintl.h
configure:8088: result: yes
configure:8088: checking mcheck.h usability
configure:8088: gcc -c -g -O2  conftest.c >&5
configure:8088: $? = 0
configure:8088: result: yes
configure:8088: checking mcheck.h presence
configure:8088: gcc -E  conftest.c
configure:8088: $? = 0
configure:8088: result: yes
configure:8088: checking for mcheck.h
configure:8088: result: yes
configure:8088: checking netdb.h usability
configure:8088: gcc -c -g -O2  conftest.c >&5
configure:8088: $? = 0
configure:8088: result: yes
configure:8088: checking netdb.h presence
configure:8088: gcc -E  conftest.c
configure:8088: $? = 0
configure:8088: result: yes
configure:8088: checking for netdb.h
configure:8088: result: yes
configure:8088: checking netinet/in.h usability
configure:8088: gcc -c -g -O2  conftest.c >&5
configure:8088: $? = 0
configure:8088: result: yes
configure:8088: checking netinet/in.h presence
configure:8088: gcc -E  conftest.c
configure:8088: $? = 0
configure:8088: result: yes
configure:8088: checking for netinet/in.h
configure:8088: result: yes
configure:8088: checking stdarg.h usability
configure:8088: gcc -c -g -O2  conftest.c >&5
configure:8088: $? = 0
configure:8088: result: yes
configure:8088: checking stdarg.h presence
configure:8088: gcc -E  conftest.c
configure:8088: $? = 0
configure:8088: result: yes
configure:8088: checking for stdarg.h
configure:8088: result: yes
configure:8088: checking stddef.h usability
configure:8088: gcc -c -g -O2  conftest.c >&5
configure:8088: $? = 0
configure:8088: result: yes
configure:8088: checking stddef.h presence
configure:8088: gcc -E  conftest.c
configure:8088: $? = 0
configure:8088: result: yes
configure:8088: checking for stddef.h
configure:8088: result: yes
configure:8088: checking for string.h
configure:8088: result: yes
configure:8088: checking sys/param.h usability
configure:8088: gcc -c -g -O2  conftest.c >&5
configure:8088: $? = 0
configure:8088: result: yes
configure:8088: checking sys/param.h presence
configure:8088: gcc -E  conftest.c
configure:8088: $? = 0
configure:8088: result: yes
configure:8088: checking for sys/param.h
configure:8088: result: yes
configure:8088: checking sys/socket.h usability
configure:8088: gcc -c -g -O2  conftest.c >&5
configure:8088: $? = 0
configure:8088: result: yes
configure:8088: checking sys/socket.h presence
configure:8088: gcc -E  conftest.c
configure:8088: $? = 0
configure:8088: result: yes
configure:8088: checking for sys/socket.h
configure:8088: result: yes
configure:8088: checking sys/time.h usability
configure:8088: gcc -c -g -O2  conftest.c >&5
configure:8088: $? = 0
configure:8088: result: yes
configure:8088: checking sys/time.h presence
configure:8088: gcc -E  conftest.c
configure:8088: $? = 0
configure:8088: result: yes
configure:8088: checking for sys/time.h
configure:8088: result: yes
configure:8088: checking for unistd.h
configure:8088: result: yes
configure:8088: checking termios.h usability
configure:8088: gcc -c -g -O2  conftest.c >&5
configure:8088: $? = 0
configure:8088: result: yes
configure:8088: checking termios.h presence
configure:8088: gcc -E  conftest.c
configure:8088: $? = 0
configure:8088: result: yes
configure:8088: checking for termios.h
configure:8088: result: yes
configure:8088: checking stropts.h usability
configure:8088: gcc -c -g -O2  conftest.c >&5
conftest.c:86:10: fatal error: stropts.h: No such file or directory
   86 | #include <stropts.h>
      |          ^~~~~~~~~~~
compilation terminated.
configure:8088: $? = 1
configure: failed program was:
| /* confdefs.h */
| #define PACKAGE_NAME "GNU Awk"
| #define PACKAGE_TARNAME "gawk"
| #define PACKAGE_VERSION "3.1.8"
| #define PACKAGE_STRING "GNU Awk 3.1.8"
| #define PACKAGE_BUGREPORT "bug-gawk@gnu.org"
| #define PACKAGE_URL "http://www.gnu.org/software/gawk/"
| #define PACKAGE "gawk"
| #define VERSION "3.1.8"
| #define STDC_HEADERS 1
| #define HAVE_SYS_TYPES_H 1
| #define HAVE_SYS_STAT_H 1
| #define HAVE_STDLIB_H 1
| #define HAVE_STRING_H 1
| #define HAVE_MEMORY_H 1
| #define HAVE_STRINGS_H 1
| #define HAVE_INTTYPES_H 1
| #define HAVE_STDINT_H 1
| #define HAVE_UNISTD_H 1
| #define __EXTENSIONS__ 1
| #define _ALL_SOURCE 1
| #define _GNU_SOURCE 1
| #define _POSIX_PTHREAD_SEMANTICS 1
| #define _TANDEM_SOURCE 1
| #define PROTOTYPES 1
| #define __PROTOTYPES 1
| #define HAVE_STRING_H 1
| #define ENABLE_NLS 1
| #define HAVE_GETTEXT 1
| #define HAVE_DCGETTEXT 1
| #define HAVE_LANGINFO_CODESET 1
| #define HAVE_LC_MESSAGES 1
| #define STDC_HEADERS 1
| #define HAVE_SYS_WAIT_H 1
| #define TIME_WITH_SYS_TIME 1
| #define HAVE_ARPA_INET_H 1
| #define HAVE_FCNTL_H 1
| #define HAVE_LIMITS_H 1
| #define HAVE_LOCALE_H 1
| #define HAVE_LIBINTL_H 1
| #define HAVE_MCHECK_H 1
| #define HAVE_NETDB_H 1
| #define HAVE_NETINET_IN_H 1
| #define HAVE_STDARG_H 1
| #define HAVE_STDDEF_H 1
| #define HAVE_STRING_H 1
| #define HAVE_SYS_PARAM_H 1
| #define HAVE_SYS_SOCKET_H 1
| #define HAVE_SYS_TIME_H 1
| #define HAVE_UNISTD_H 1
| #define HAVE_TERMIOS_H 1
| /* end confdefs.h.  */
| #include <stdio.h>
| #ifdef HAVE_SYS_TYPES_H
| # include <sys/types.h>
| #endif
| #ifdef HAVE_SYS_STAT_H
| # include <sys/stat.h>
| #endif
| #ifdef STDC_HEADERS
| # include <stdlib.h>
| # include <stddef.h>
| #else
| # ifdef HAVE_STDLIB_H
| #  include <stdlib.h>
| # endif
| #endif
| #ifdef HAVE_STRING_H
| # if !defined STDC_HEADERS && defined HAVE_MEMORY_H
| #  include <memory.h>
| # endif
| # include <string.h>
| #endif
| #ifdef HAVE_STRINGS_H
| # include <strings.h>
| #endif
| #ifdef HAVE_INTTYPES_H
| # include <inttypes.h>
| #endif
| #ifdef HAVE_STDINT_H
| # include <stdint.h>
| #endif
| #ifdef HAVE_UNISTD_H
| # include <unistd.h>
| #endif
| #include <stropts.h>
configure:8088: result: no
configure:8088: checking stropts.h presence
configure:8088: gcc -E  conftest.c
conftest.c:53:10: fatal error: stropts.h: No such file or directory
   53 | #include <stropts.h>
      |          ^~~~~~~~~~~
compilation terminated.
configure:8088: $? = 1
configure: failed program was:
| /* confdefs.h */
| #define PACKAGE_NAME "GNU Awk"
| #define PACKAGE_TARNAME "gawk"
| #define PACKAGE_VERSION "3.1.8"
| #define PACKAGE_STRING "GNU Awk 3.1.8"
| #define PACKAGE_BUGREPORT "bug-gawk@gnu.org"
| #define PACKAGE_URL "http://www.gnu.org/software/gawk/"
| #define PACKAGE "gawk"
| #define VERSION "3.1.8"
| #define STDC_HEADERS 1
| #define HAVE_SYS_TYPES_H 1
| #define HAVE_SYS_STAT_H 1
| #define HAVE_STDLIB_H 1
| #define HAVE_STRING_H 1
| #define HAVE_MEMORY_H 1
| #define HAVE_STRINGS_H 1
| #define HAVE_INTTYPES_H 1
| #define HAVE_STDINT_H 1
| #define HAVE_UNISTD_H 1
| #define __EXTENSIONS__ 1
| #define _ALL_SOURCE 1
| #define _GNU_SOURCE 1
| #define _POSIX_PTHREAD_SEMANTICS 1
| #define _TANDEM_SOURCE 1
| #define PROTOTYPES 1
| #define __PROTOTYPES 1
| #define HAVE_STRING_H 1
| #define ENABLE_NLS 1
| #define HAVE_GETTEXT 1
| #define HAVE_DCGETTEXT 1
| #define HAVE_LANGINFO_CODESET 1
| #define HAVE_LC_MESSAGES 1
| #define STDC_HEADERS 1
| #define HAVE_SYS_WAIT_H 1
| #define TIME_WITH_SYS_TIME 1
| #define HAVE_ARPA_INET_H 1
| #define HAVE_FCNTL_H 1
| #define HAVE_LIMITS_H 1
| #define HAVE_LOCALE_H 1
| #define HAVE_LIBINTL_H 1
| #define HAVE_MCHECK_H 1
| #define HAVE_NETDB_H 1
| #define HAVE_NETINET_IN_H 1
| #define HAVE_STDARG_H 1
| #define HAVE_STDDEF_H 1
| #define HAVE_STRING_H 1
| #define HAVE_SYS_PARAM_H 1
| #define HAVE_SYS_SOCKET_H 1
| #define HAVE_SYS_TIME_H 1
| #define HAVE_UNISTD_H 1
| #define HAVE_TERMIOS_H 1
| /* end confdefs.h.  */
| #include <stropts.h>
configure:8088: result: no
configure:8088: checking for stropts.h
configure:8088: result: no
configure:8088: checking wchar.h usability
configure:8088: gcc -c -g -O2  conftest.c >&5
configure:8088: $? = 0
configure:8088: result: yes
configure:8088: checking wchar.h presence
configure:8088: gcc -E  conftest.c
configure:8088: $? = 0
configure:8088: result: yes
configure:8088: checking for wchar.h
configure:8088: result: yes
configure:8088: checking wctype.h usability
configure:8088: gcc -c -g -O2  conftest.c >&5
configure:8088: $? = 0
configure:8088: result: yes
configure:8088: checking wctype.h presence
configure:8088: gcc -E  conftest.c
configure:8088: $? = 0
configure:8088: result: yes
configure:8088: checking for wctype.h
configure:8088: result: yes
configure:8104: checking for memory.h
configure:8104: result: yes
configure:8129: checking for pid_t
configure:8129: gcc -c -g -O2  conftest.c >&5
configure:8129: $? = 0
configure:8129: gcc -c -g -O2  conftest.c >&5
conftest.c: In function 'main':
conftest.c:92:20: error: expected expression before ')' token
   92 | if (sizeof ((pid_t)))
      |                    ^
configure:8129: $? = 1
configure: failed program was:
| /* confdefs.h */
| #define PACKAGE_NAME "GNU Awk"
| #define PACKAGE_TARNAME "gawk"
| #define PACKAGE_VERSION "3.1.8"
| #define PACKAGE_STRING "GNU Awk 3.1.8"
| #define PACKAGE_BUGREPORT "bug-gawk@gnu.org"
| #define PACKAGE_URL "http://www.gnu.org/software/gawk/"
| #define PACKAGE "gawk"
| #define VERSION "3.1.8"
| #define STDC_HEADERS 1
| #define HAVE_SYS_TYPES_H 1
| #define HAVE_SYS_STAT_H 1
| #define HAVE_STDLIB_H 1
| #define HAVE_STRING_H 1
| #define HAVE_MEMORY_H 1
| #define HAVE_STRINGS_H 1
| #define HAVE_INTTYPES_H 1
| #define HAVE_STDINT_H 1
| #define HAVE_UNISTD_H 1
| #define __EXTENSIONS__ 1
| #define _ALL_SOURCE 1
| #define _GNU_SOURCE 1
| #define _POSIX_PTHREAD_SEMANTICS 1
| #define _TANDEM_SOURCE 1
| #define PROTOTYPES 1
| #define __PROTOTYPES 1
| #define HAVE_STRING_H 1
| #define ENABLE_NLS 1
| #define HAVE_GETTEXT 1
| #define HAVE_DCGETTEXT 1
| #define HAVE_LANGINFO_CODESET 1
| #define HAVE_LC_MESSAGES 1
| #define STDC_HEADERS 1
| #define HAVE_SYS_WAIT_H 1
| #define TIME_WITH_SYS_TIME 1
| #define HAVE_ARPA_INET_H 1
| #define HAVE_FCNTL_H 1
| #define HAVE_LIMITS_H 1
| #define HAVE_LOCALE_H 1
| #define HAVE_LIBINTL_H 1
| #define HAVE_MCHECK_H 1
| #define HAVE_NETDB_H 1
| #define HAVE_NETINET_IN_H 1
| #define HAVE_STDARG_H 1
| #define HAVE_STDDEF_H 1
| #define HAVE_STRING_H 1
| #define HAVE_SYS_PARAM_H 1
| #define HAVE_SYS_SOCKET_H 1
| #define HAVE_SYS_TIME_H 1
| #define HAVE_UNISTD_H 1
| #define HAVE_TERMIOS_H 1
| #define HAVE_WCHAR_H 1
| #define HAVE_WCTYPE_H 1
| #define HAVE_MEMORY_H 1
| /* end confdefs.h.  */
| #include <stdio.h>
| #ifdef HAVE_SYS_TYPES_H
| # include <sys/types.h>
| #endif
| #ifdef HAVE_SYS_STAT_H
| # include <sys/stat.h>
| #endif
| #ifdef STDC_HEADERS
| # include <stdlib.h>
| # include <stddef.h>
| #else
| # ifdef HAVE_STDLIB_H
| #  include <stdlib.h>
| # endif
| #endif
| #ifdef HAVE_STRING_H
| # if !defined STDC_HEADERS && defined HAVE_MEMORY_H
| #  include <memory.h>
| # endif
| # include <string.h>
| #endif
| #ifdef HAVE_STRINGS_H
| # include <strings.h>
| #endif
| #ifdef HAVE_INTTYPES_H
| # include <inttypes.h>
| #endif
| #ifdef HAVE_STDINT_H
| # include <stdint.h>
| #endif
| #ifdef HAVE_UNISTD_H
| # include <unistd.h>
| #endif
| int
| main ()
| {
| if (sizeof ((pid_t)))
| 	    return 0;
|   ;
|   return 0;
| }
configure:8129: result: yes
configure:8140: checking return type of signal handlers
configure:8158: gcc -c -g -O2  conftest.c >&5
conftest.c: In function 'main':
conftest.c:62:10: error: void value not ignored as it ought to be
   62 | return *(signal (0, 0)) (0) == 1;
      |         ~^~~~~~~~~~~~~~~~~~
configure:8158: $? = 1
configure: failed program was:
| /* confdefs.h */
| #define PACKAGE_NAME "GNU Awk"
| #define PACKAGE_TARNAME "gawk"
| #define PACKAGE_VERSION "3.1.8"
| #define PACKAGE_STRING "GNU Awk 3.1.8"
| #define PACKAGE_BUGREPORT "bug-gawk@gnu.org"
| #define PACKAGE_URL "http://www.gnu.org/software/gawk/"
| #define PACKAGE "gawk"
| #define VERSION "3.1.8"
| #define STDC_HEADERS 1
| #define HAVE_SYS_TYPES_H 1
| #define HAVE_SYS_STAT_H 1
| #define HAVE_STDLIB_H 1
| #define HAVE_STRING_H 1
| #define HAVE_MEMORY_H 1
| #define HAVE_STRINGS_H 1
| #define HAVE_INTTYPES_H 1
| #define HAVE_STDINT_H 1
| #define HAVE_UNISTD_H 1
| #define __EXTENSIONS__ 1
| #define _ALL_SOURCE 1
| #define _GNU_SOURCE 1
| #define _POSIX_PTHREAD_SEMANTICS 1
| #define _TANDEM_SOURCE 1
| #define PROTOTYPES 1
| #define __PROTOTYPES 1
| #define HAVE_STRING_H 1
| #define ENABLE_NLS 1
| #define HAVE_GETTEXT 1
| #define HAVE_DCGETTEXT 1
| #define HAVE_LANGINFO_CODESET 1
| #define HAVE_LC_MESSAGES 1
| #define STDC_HEADERS 1
| #define HAVE_SYS_WAIT_H 1
| #define TIME_WITH_SYS_TIME 1
| #define HAVE_ARPA_INET_H 1
| #define HAVE_FCNTL_H 1
| #define HAVE_LIMITS_H 1
| #define HAVE_LOCALE_H 1
| #define HAVE_LIBINTL_H 1
| #define HAVE_MCHECK_H 1
| #define HAVE_NETDB_H 1
| #define HAVE_NETINET_IN_H 1
| #define HAVE_STDARG_H 1
| #define HAVE_STDDEF_H 1
| #define HAVE_STRING_H 1
| #define HAVE_SYS_PARAM_H 1
| #define HAVE_SYS_SOCKET_H 1
| #define HAVE_SYS_TIME_H 1
| #define HAVE_UNISTD_H 1
| #define HAVE_TERMIOS_H 1
| #define HAVE_WCHAR_H 1
| #define HAVE_WCTYPE_H 1
| #define HAVE_MEMORY_H 1
| /* end confdefs.h.  */
| #include <sys/types.h>
| #include <signal.h>
| 
| int
| main ()
| {
| return *(signal (0, 0)) (0) == 1;
|   ;
|   return 0;
| }
configure:8165: result: void
configure:8173: checking for size_t
configure:8173: gcc -c -g -O2  conftest.c >&5
configure:8173: $? = 0
configure:8173: gcc -c -g -O2  conftest.c >&5
conftest.c: In function 'main':
conftest.c:93:21: error: expected expression before ')' token
   93 | if (sizeof ((size_t)))
      |                     ^
configure:8173: $? = 1
configure: failed program was:
| /* confdefs.h */
| #define PACKAGE_NAME "GNU Awk"
| #define PACKAGE_TARNAME "gawk"
| #define PACKAGE_VERSION "3.1.8"
| #define PACKAGE_STRING "GNU Awk 3.1.8"
| #define PACKAGE_BUGREPORT "bug-gawk@gnu.org"
| #define PACKAGE_URL "http://www.gnu.org/software/gawk/"
| #define PACKAGE "gawk"
| #define VERSION "3.1.8"
| #define STDC_HEADERS 1
| #define HAVE_SYS_TYPES_H 1
| #define HAVE_SYS_STAT_H 1
| #define HAVE_STDLIB_H 1
| #define HAVE_STRING_H 1
| #define HAVE_MEMORY_H 1
| #define HAVE_STRINGS_H 1
| #define HAVE_INTTYPES_H 1
| #define HAVE_STDINT_H 1
| #define HAVE_UNISTD_H 1
| #define __EXTENSIONS__ 1
| #define _ALL_SOURCE 1
| #define _GNU_SOURCE 1
| #define _POSIX_PTHREAD_SEMANTICS 1
| #define _TANDEM_SOURCE 1
| #define PROTOTYPES 1
| #define __PROTOTYPES 1
| #define HAVE_STRING_H 1
| #define ENABLE_NLS 1
| #define HAVE_GETTEXT 1
| #define HAVE_DCGETTEXT 1
| #define HAVE_LANGINFO_CODESET 1
| #define HAVE_LC_MESSAGES 1
| #define STDC_HEADERS 1
| #define HAVE_SYS_WAIT_H 1
| #define TIME_WITH_SYS_TIME 1
| #define HAVE_ARPA_INET_H 1
| #define HAVE_FCNTL_H 1
| #define HAVE_LIMITS_H 1
| #define HAVE_LOCALE_H 1
| #define HAVE_LIBINTL_H 1
| #define HAVE_MCHECK_H 1
| #define HAVE_NETDB_H 1
| #define HAVE_NETINET_IN_H 1
| #define HAVE_STDARG_H 1
| #define HAVE_STDDEF_H 1
| #define HAVE_STRING_H 1
| #define HAVE_SYS_PARAM_H 1
| #define HAVE_SYS_SOCKET_H 1
| #define HAVE_SYS_TIME_H 1
| #define HAVE_UNISTD_H 1
| #define HAVE_TERMIOS_H 1
| #define HAVE_WCHAR_H 1
| #define HAVE_WCTYPE_H 1
| #define HAVE_MEMORY_H 1
| #define RETSIGTYPE void
| /* end confdefs.h.  */
| #include <stdio.h>
| #ifdef HAVE_SYS_TYPES_H
| # include <sys/types.h>
| #endif
| #ifdef HAVE_SYS_STAT_H
| # include <sys/stat.h>
| #endif
| #ifdef STDC_HEADERS
| # include <stdlib.h>
| # include <stddef.h>
| #else
| # ifdef HAVE_STDLIB_H
| #  include <stdlib.h>
| # endif
| #endif
| #ifdef HAVE_STRING_H
| # if !defined STDC_HEADERS && defined HAVE_MEMORY_H
| #  include <memory.h>
| # endif
| # include <string.h>
| #endif
| #ifdef HAVE_STRINGS_H
| # include <strings.h>
| #endif
| #ifdef HAVE_INTTYPES_H
| # include <inttypes.h>
| #endif
| #ifdef HAVE_STDINT_H
| # include <stdint.h>
| #endif
| #ifdef HAVE_UNISTD_H
| # include <unistd.h>
| #endif
| int
| main ()
| {
| if (sizeof ((size_t)))
| 	    return 0;
|   ;
|   return 0;
| }
configure:8173: result: yes
configure:8184: checking for uid_t in sys/types.h
configure:8203: result: yes
configure:8214: checking type of array argument to getgroups
configure:8248: gcc -o conftest -g -O2   conftest.c  >&5
configure:8248: $? = 0
configure:8248: ./conftest
configure:8248: $? = 0
configure:8273: result: gid_t
configure:8282: checking for long long int
configure:8305: gcc -o conftest -g -O2   conftest.c  >&5
configure:8305: $? = 0
configure:8313: result: yes
configure:8331: checking for unsigned long long int
configure:8352: gcc -o conftest -g -O2   conftest.c  >&5
configure:8352: $? = 0
configure:8360: result: yes
configure:8382: checking for inttypes.h
configure:8399: gcc -c -g -O2  conftest.c >&5
configure:8399: $? = 0
configure:8406: result: yes
configure:8422: checking for stdint.h
configure:8439: gcc -c -g -O2  conftest.c >&5
configure:8439: $? = 0
configure:8446: result: yes
configure:8495: checking for ssize_t
configure:8495: gcc -c -g -O2  conftest.c >&5
configure:8495: $? = 0
configure:8495: gcc -c -g -O2  conftest.c >&5
conftest.c: In function 'main':
conftest.c:102:22: error: expected expression before ')' token
  102 | if (sizeof ((ssize_t)))
      |                      ^
configure:8495: $? = 1
configure: failed program was:
| /* confdefs.h */
| #define PACKAGE_NAME "GNU Awk"
| #define PACKAGE_TARNAME "gawk"
| #define PACKAGE_VERSION "3.1.8"
| #define PACKAGE_STRING "GNU Awk 3.1.8"
| #define PACKAGE_BUGREPORT "bug-gawk@gnu.org"
| #define PACKAGE_URL "http://www.gnu.org/software/gawk/"
| #define PACKAGE "gawk"
| #define VERSION "3.1.8"
| #define STDC_HEADERS 1
| #define HAVE_SYS_TYPES_H 1
| #define HAVE_SYS_STAT_H 1
| #define HAVE_STDLIB_H 1
| #define HAVE_STRING_H 1
| #define HAVE_MEMORY_H 1
| #define HAVE_STRINGS_H 1
| #define HAVE_INTTYPES_H 1
| #define HAVE_STDINT_H 1
| #define HAVE_UNISTD_H 1
| #define __EXTENSIONS__ 1
| #define _ALL_SOURCE 1
| #define _GNU_SOURCE 1
| #define _POSIX_PTHREAD_SEMANTICS 1
| #define _TANDEM_SOURCE 1
| #define PROTOTYPES 1
| #define __PROTOTYPES 1
| #define HAVE_STRING_H 1
| #define ENABLE_NLS 1
| #define HAVE_GETTEXT 1
| #define HAVE_DCGETTEXT 1
| #define HAVE_LANGINFO_CODESET 1
| #define HAVE_LC_MESSAGES 1
| #define STDC_HEADERS 1
| #define HAVE_SYS_WAIT_H 1
| #define TIME_WITH_SYS_TIME 1
| #define HAVE_ARPA_INET_H 1
| #define HAVE_FCNTL_H 1
| #define HAVE_LIMITS_H 1
| #define HAVE_LOCALE_H 1
| #define HAVE_LIBINTL_H 1
| #define HAVE_MCHECK_H 1
| #define HAVE_NETDB_H 1
| #define HAVE_NETINET_IN_H 1
| #define HAVE_STDARG_H 1
| #define HAVE_STDDEF_H 1
| #define HAVE_STRING_H 1
| #define HAVE_SYS_PARAM_H 1
| #define HAVE_SYS_SOCKET_H 1
| #define HAVE_SYS_TIME_H 1
| #define HAVE_UNISTD_H 1
| #define HAVE_TERMIOS_H 1
| #define HAVE_WCHAR_H 1
| #define HAVE_WCTYPE_H 1
| #define HAVE_MEMORY_H 1
| #define RETSIGTYPE void
| #define GETGROUPS_T gid_t
| #define HAVE_LONG_LONG_INT 1
| #define HAVE_LONG_LONG 1
| #define HAVE_UNSIGNED_LONG_LONG_INT 1
| #define HAVE_UNSIGNED_LONG_LONG 1
| #define HAVE_INTTYPES_H_WITH_UINTMAX 1
| #define HAVE_STDINT_H_WITH_UINTMAX 1
| #define HAVE_INTMAX_T 1
| #define HAVE_UINTMAX_T 1
| /* end confdefs.h.  */
| #include <stdio.h>
| #ifdef HAVE_SYS_TYPES_H
| # include <sys/types.h>
| #endif
| #ifdef HAVE_SYS_STAT_H
| # include <sys/stat.h>
| #endif
| #ifdef STDC_HEADERS
| # include <stdlib.h>
| # include <stddef.h>
| #else
| # ifdef HAVE_STDLIB_H
| #  include <stdlib.h>
| # endif
| #endif
| #ifdef HAVE_STRING_H
| # if !defined STDC_HEADERS && defined HAVE_MEMORY_H
| #  include <memory.h>
| # endif
| # include <string.h>
| #endif
| #ifdef HAVE_STRINGS_H
| # include <strings.h>
| #endif
| #ifdef HAVE_INTTYPES_H
| # include <inttypes.h>
| #endif
| #ifdef HAVE_STDINT_H
| # include <stdint.h>
| #endif
| #ifdef HAVE_UNISTD_H
| # include <unistd.h>
| #endif
| int
| main ()
| {
| if (sizeof ((ssize_t)))
| 	    return 0;
|   ;
|   return 0;
| }
configure:8495: result: yes
configure:8510: checking size of unsigned int
configure:8515: gcc -o conftest -g -O2   conftest.c  >&5
configure:8515: $? = 0
configure:8515: ./conftest
configure:8515: $? = 0
configure:8530: result: 4
configure:8544: checking size of unsigned long
configure:8549: gcc -o conftest -g -O2   conftest.c  >&5
configure:8549: $? = 0
configure:8549: ./conftest
configure:8549: $? = 0
configure:8564: result: 8
configure:8604: gcc -c -g -O2  conftest.c >&5
configure:8604: $? = 0
configure:8624: gcc -c -g -O2  conftest.c >&5
configure:8624: $? = 0
configure:8644: gcc -c -g -O2  conftest.c >&5
configure:8644: $? = 0
configure:8664: gcc -c -g -O2  conftest.c >&5
configure:8664: $? = 0
configure:8676: checking for socklen_t
configure:8676: gcc -c -g -O2  conftest.c >&5
configure:8676: $? = 0
configure:8676: gcc -c -g -O2  conftest.c >&5
conftest.c: In function 'main':
conftest.c:79:24: error: expected expression before ')' token
   79 | if (sizeof ((socklen_t)))
      |                        ^
configure:8676: $? = 1
configure: failed program was:
| /* confdefs.h */
| #define PACKAGE_NAME "GNU Awk"
| #define PACKAGE_TARNAME "gawk"
| #define PACKAGE_VERSION "3.1.8"
| #define PACKAGE_STRING "GNU Awk 3.1.8"
| #define PACKAGE_BUGREPORT "bug-gawk@gnu.org"
| #define PACKAGE_URL "http://www.gnu.org/software/gawk/"
| #define PACKAGE "gawk"
| #define VERSION "3.1.8"
| #define STDC_HEADERS 1
| #define HAVE_SYS_TYPES_H 1
| #define HAVE_SYS_STAT_H 1
| #define HAVE_STDLIB_H 1
| #define HAVE_STRING_H 1
| #define HAVE_MEMORY_H 1
| #define HAVE_STRINGS_H 1
| #define HAVE_INTTYPES_H 1
| #define HAVE_STDINT_H 1
| #define HAVE_UNISTD_H 1
| #define __EXTENSIONS__ 1
| #define _ALL_SOURCE 1
| #define _GNU_SOURCE 1
| #define _POSIX_PTHREAD_SEMANTICS 1
| #define _TANDEM_SOURCE 1
| #define PROTOTYPES 1
| #define __PROTOTYPES 1
| #define HAVE_STRING_H 1
| #define ENABLE_NLS 1
| #define HAVE_GETTEXT 1
| #define HAVE_DCGETTEXT 1
| #define HAVE_LANGINFO_CODESET 1
| #define HAVE_LC_MESSAGES 1
| #define STDC_HEADERS 1
| #define HAVE_SYS_WAIT_H 1
| #define TIME_WITH_SYS_TIME 1
| #define HAVE_ARPA_INET_H 1
| #define HAVE_FCNTL_H 1
| #define HAVE_LIMITS_H 1
| #define HAVE_LOCALE_H 1
| #define HAVE_LIBINTL_H 1
| #define HAVE_MCHECK_H 1
| #define HAVE_NETDB_H 1
| #define HAVE_NETINET_IN_H 1
| #define HAVE_STDARG_H 1
| #define HAVE_STDDEF_H 1
| #define HAVE_STRING_H 1
| #define HAVE_SYS_PARAM_H 1
| #define HAVE_SYS_SOCKET_H 1
| #define HAVE_SYS_TIME_H 1
| #define HAVE_UNISTD_H 1
| #define HAVE_TERMIOS_H 1
| #define HAVE_WCHAR_H 1
| #define HAVE_WCTYPE_H 1
| #define HAVE_MEMORY_H 1
| #define RETSIGTYPE void
| #define GETGROUPS_T gid_t
| #define HAVE_LONG_LONG_INT 1
| #define HAVE_LONG_LONG 1
| #define HAVE_UNSIGNED_LONG_LONG_INT 1
| #define HAVE_UNSIGNED_LONG_LONG 1
| #define HAVE_INTTYPES_H_WITH_UINTMAX 1
| #define HAVE_STDINT_H_WITH_UINTMAX 1
| #define HAVE_INTMAX_T 1
| #define HAVE_UINTMAX_T 1
| #define SIZEOF_UNSIGNED_INT 4
| #define SIZEOF_UNSIGNED_LONG 8
| #define SPRINTF_RET int
| #define TIME_T_IN_SYS_TYPES_H 1
| #define HAVE_WCTYPE_T 1
| #define HAVE_WINT_T 1
| #define HAVE_SOCKADDR_STORAGE 1
| /* end confdefs.h.  */
| #include <sys/types.h>
| #include <sys/socket.h>
| 
| int
| main ()
| {
| if (sizeof ((socklen_t)))
| 	    return 0;
|   ;
|   return 0;
| }
configure:8676: result: yes
configure:8742: checking for vprintf
configure:8742: gcc -o conftest -g -O2   conftest.c  >&5
conftest.c:96:6: warning: conflicting types for built-in function 'vprintf'; expected 'int(const char *, __va_list_tag *)' [-Wbuiltin-declaration-mismatch]
   96 | char vprintf ();
      |      ^~~~~~~
conftest.c:84:1: note: 'vprintf' is declared in header '<stdio.h>'
   83 | # include <limits.h>
   84 | #else
configure:8742: $? = 0
configure:8742: result: yes
configure:8748: checking for _doprnt
configure:8748: gcc -o conftest -g -O2   conftest.c  >&5
/usr/bin/ld: /tmp/ccrYjVlv.o: in function `main':
/home/alejandro/Documentos/Heap-Managers/gawk-3.1.8/conftest.c:108: undefined reference to `_doprnt'
collect2: error: ld returned 1 exit status
configure:8748: $? = 1
configure: failed program was:
| /* confdefs.h */
| #define PACKAGE_NAME "GNU Awk"
| #define PACKAGE_TARNAME "gawk"
| #define PACKAGE_VERSION "3.1.8"
| #define PACKAGE_STRING "GNU Awk 3.1.8"
| #define PACKAGE_BUGREPORT "bug-gawk@gnu.org"
| #define PACKAGE_URL "http://www.gnu.org/software/gawk/"
| #define PACKAGE "gawk"
| #define VERSION "3.1.8"
| #define STDC_HEADERS 1
| #define HAVE_SYS_TYPES_H 1
| #define HAVE_SYS_STAT_H 1
| #define HAVE_STDLIB_H 1
| #define HAVE_STRING_H 1
| #define HAVE_MEMORY_H 1
| #define HAVE_STRINGS_H 1
| #define HAVE_INTTYPES_H 1
| #define HAVE_STDINT_H 1
| #define HAVE_UNISTD_H 1
| #define __EXTENSIONS__ 1
| #define _ALL_SOURCE 1
| #define _GNU_SOURCE 1
| #define _POSIX_PTHREAD_SEMANTICS 1
| #define _TANDEM_SOURCE 1
| #define PROTOTYPES 1
| #define __PROTOTYPES 1
| #define HAVE_STRING_H 1
| #define ENABLE_NLS 1
| #define HAVE_GETTEXT 1
| #define HAVE_DCGETTEXT 1
| #define HAVE_LANGINFO_CODESET 1
| #define HAVE_LC_MESSAGES 1
| #define STDC_HEADERS 1
| #define HAVE_SYS_WAIT_H 1
| #define TIME_WITH_SYS_TIME 1
| #define HAVE_ARPA_INET_H 1
| #define HAVE_FCNTL_H 1
| #define HAVE_LIMITS_H 1
| #define HAVE_LOCALE_H 1
| #define HAVE_LIBINTL_H 1
| #define HAVE_MCHECK_H 1
| #define HAVE_NETDB_H 1
| #define HAVE_NETINET_IN_H 1
| #define HAVE_STDARG_H 1
| #define HAVE_STDDEF_H 1
| #define HAVE_STRING_H 1
| #define HAVE_SYS_PARAM_H 1
| #define HAVE_SYS_SOCKET_H 1
| #define HAVE_SYS_TIME_H 1
| #define HAVE_UNISTD_H 1
| #define HAVE_TERMIOS_H 1
| #define HAVE_WCHAR_H 1
| #define HAVE_WCTYPE_H 1
| #define HAVE_MEMORY_H 1
| #define RETSIGTYPE void
| #define GETGROUPS_T gid_t
| #define HAVE_LONG_LONG_INT 1
| #define HAVE_LONG_LONG 1
| #define HAVE_UNSIGNED_LONG_LONG_INT 1
| #define HAVE_UNSIGNED_LONG_LONG 1
| #define HAVE_INTTYPES_H_WITH_UINTMAX 1
| #define HAVE_STDINT_H_WITH_UINTMAX 1
| #define HAVE_INTMAX_T 1
| #define HAVE_UINTMAX_T 1
| #define SIZEOF_UNSIGNED_INT 4
| #define SIZEOF_UNSIGNED_LONG 8
| #define SPRINTF_RET int
| #define TIME_T_IN_SYS_TYPES_H 1
| #define HAVE_WCTYPE_T 1
| #define HAVE_WINT_T 1
| #define HAVE_SOCKADDR_STORAGE 1
| #define HAVE_VPRINTF 1
| /* end confdefs.h.  */
| /* Define _doprnt to an innocuous variant, in case <limits.h> declares _doprnt.
|    For example, HP-UX 11i <limits.h> declares gettimeofday.  */
| #define _doprnt innocuous__doprnt
| 
| /* System header to define __stub macros and hopefully few prototypes,
|     which can conflict with char _doprnt (); below.
|     Prefer <limits.h> to <assert.h> if __STDC__ is defined, since
|     <limits.h> exists even on freestanding compilers.  */
| 
| #ifdef __STDC__
| # include <limits.h>
| #else
| # include <assert.h>
| #endif
| 
| #undef _doprnt
| 
| /* Override any GCC internal prototype to avoid an error.
|    Use char because int might match the return type of a GCC
|    builtin and then its argument prototype would still apply.  */
| #ifdef __cplusplus
| extern "C"
| #endif
| char _doprnt ();
| /* The GNU C library defines this for functions which it implements
|     to always fail with ENOSYS.  Some functions are actually named
|     something starting with __ and the normal name is an alias.  */
| #if defined __stub__doprnt || defined __stub____doprnt
| choke me
| #endif
| 
| int
| main ()
| {
| return _doprnt ();
|   ;
|   return 0;
| }
configure:8748: result: no
configure:8765: checking for sys/time.h
configure:8765: result: yes
configure:8765: checking for unistd.h
configure:8765: result: yes
configure:8787: checking for alarm
configure:8787: gcc -o conftest -g -O2   conftest.c  >&5
configure:8787: $? = 0
configure:8787: result: yes
configure:8801: checking for working mktime
configure:9006: gcc -o conftest -g -O2   conftest.c  >&5
configure:9006: $? = 0
configure:9006: ./conftest
configure:9006: $? = 0
configure:9016: result: yes
configure:9034: checking for getaddrinfo
configure:9034: gcc -o conftest -g -O2   conftest.c  >&5
configure:9034: $? = 0
configure:9034: result: yes
configure:9085: checking for fmod in -lm
configure:9110: gcc -o conftest -g -O2   conftest.c -lm   >&5
conftest.c:86:6: warning: conflicting types for built-in function 'fmod'; expected 'double(double,  double)' [-Wbuiltin-declaration-mismatch]
   86 | char fmod ();
      |      ^~~~
conftest.c:1:1: note: 'fmod' is declared in header '<math.h>'
    1 | /* confdefs.h */
configure:9110: $? = 0
configure:9119: result: yes
configure:9130: checking for isinf in -lm
configure:9155: gcc -o conftest -g -O2   conftest.c -lm  -lm  >&5
conftest.c:87:6: warning: conflicting types for built-in function 'isinf'; expected 'int()' [-Wbuiltin-declaration-mismatch]
   87 | char isinf ();
      |      ^~~~~
conftest.c:1:1: note: 'isinf' is declared in header '<math.h>'
    1 | /* confdefs.h */
configure:9155: $? = 0
configure:9164: result: yes
configure:9175: checking for ismod in -lm
configure:9200: gcc -o conftest -g -O2   conftest.c -lm  -lm -lm  >&5
/usr/bin/ld: /tmp/ccM0Dta4.o: in function `main':
/home/alejandro/Documentos/Heap-Managers/gawk-3.1.8/conftest.c:92: undefined reference to `ismod'
collect2: error: ld returned 1 exit status
configure:9200: $? = 1
configure: failed program was:
| /* confdefs.h */
| #define PACKAGE_NAME "GNU Awk"
| #define PACKAGE_TARNAME "gawk"
| #define PACKAGE_VERSION "3.1.8"
| #define PACKAGE_STRING "GNU Awk 3.1.8"
| #define PACKAGE_BUGREPORT "bug-gawk@gnu.org"
| #define PACKAGE_URL "http://www.gnu.org/software/gawk/"
| #define PACKAGE "gawk"
| #define VERSION "3.1.8"
| #define STDC_HEADERS 1
| #define HAVE_SYS_TYPES_H 1
| #define HAVE_SYS_STAT_H 1
| #define HAVE_STDLIB_H 1
| #define HAVE_STRING_H 1
| #define HAVE_MEMORY_H 1
| #define HAVE_STRINGS_H 1
| #define HAVE_INTTYPES_H 1
| #define HAVE_STDINT_H 1
| #define HAVE_UNISTD_H 1
| #define __EXTENSIONS__ 1
| #define _ALL_SOURCE 1
| #define _GNU_SOURCE 1
| #define _POSIX_PTHREAD_SEMANTICS 1
| #define _TANDEM_SOURCE 1
| #define PROTOTYPES 1
| #define __PROTOTYPES 1
| #define HAVE_STRING_H 1
| #define ENABLE_NLS 1
| #define HAVE_GETTEXT 1
| #define HAVE_DCGETTEXT 1
| #define HAVE_LANGINFO_CODESET 1
| #define HAVE_LC_MESSAGES 1
| #define STDC_HEADERS 1
| #define HAVE_SYS_WAIT_H 1
| #define TIME_WITH_SYS_TIME 1
| #define HAVE_ARPA_INET_H 1
| #define HAVE_FCNTL_H 1
| #define HAVE_LIMITS_H 1
| #define HAVE_LOCALE_H 1
| #define HAVE_LIBINTL_H 1
| #define HAVE_MCHECK_H 1
| #define HAVE_NETDB_H 1
| #define HAVE_NETINET_IN_H 1
| #define HAVE_STDARG_H 1
| #define HAVE_STDDEF_H 1
| #define HAVE_STRING_H 1
| #define HAVE_SYS_PARAM_H 1
| #define HAVE_SYS_SOCKET_H 1
| #define HAVE_SYS_TIME_H 1
| #define HAVE_UNISTD_H 1
| #define HAVE_TERMIOS_H 1
| #define HAVE_WCHAR_H 1
| #define HAVE_WCTYPE_H 1
| #define HAVE_MEMORY_H 1
| #define RETSIGTYPE void
| #define GETGROUPS_T gid_t
| #define HAVE_LONG_LONG_INT 1
| #define HAVE_LONG_LONG 1
| #define HAVE_UNSIGNED_LONG_LONG_INT 1
| #define HAVE_UNSIGNED_LONG_LONG 1
| #define HAVE_INTTYPES_H_WITH_UINTMAX 1
| #define HAVE_STDINT_H_WITH_UINTMAX 1
| #define HAVE_INTMAX_T 1
| #define HAVE_UINTMAX_T 1
| #define SIZEOF_UNSIGNED_INT 4
| #define SIZEOF_UNSIGNED_LONG 8
| #define SPRINTF_RET int
| #define TIME_T_IN_SYS_TYPES_H 1
| #define HAVE_WCTYPE_T 1
| #define HAVE_WINT_T 1
| #define HAVE_SOCKADDR_STORAGE 1
| #define HAVE_VPRINTF 1
| #define HAVE_SYS_TIME_H 1
| #define HAVE_UNISTD_H 1
| #define HAVE_ALARM 1
| #define HAVE_MKTIME 1
| #define HAVE_GETADDRINFO 1
| #define HAVE_LIBM 1
| #define HAVE_LIBM 1
| /* end confdefs.h.  */
| 
| /* Override any GCC internal prototype to avoid an error.
|    Use char because int might match the return type of a GCC
|    builtin and then its argument prototype would still apply.  */
| #ifdef __cplusplus
| extern "C"
| #endif
| char ismod ();
| int
| main ()
| {
| return ismod ();
|   ;
|   return 0;
| }
configure:9209: result: no
configure:9691: checking for libsigsegv
configure:9710: gcc -o conftest -g -O2   conftest.c -lm -lm  -lsigsegv >&5
conftest.c:81:10: fatal error: sigsegv.h: No such file or directory
   81 | #include <sigsegv.h>
      |          ^~~~~~~~~~~
compilation terminated.
configure:9710: $? = 1
configure: failed program was:
| /* confdefs.h */
| #define PACKAGE_NAME "GNU Awk"
| #define PACKAGE_TARNAME "gawk"
| #define PACKAGE_VERSION "3.1.8"
| #define PACKAGE_STRING "GNU Awk 3.1.8"
| #define PACKAGE_BUGREPORT "bug-gawk@gnu.org"
| #define PACKAGE_URL "http://www.gnu.org/software/gawk/"
| #define PACKAGE "gawk"
| #define VERSION "3.1.8"
| #define STDC_HEADERS 1
| #define HAVE_SYS_TYPES_H 1
| #define HAVE_SYS_STAT_H 1
| #define HAVE_STDLIB_H 1
| #define HAVE_STRING_H 1
| #define HAVE_MEMORY_H 1
| #define HAVE_STRINGS_H 1
| #define HAVE_INTTYPES_H 1
| #define HAVE_STDINT_H 1
| #define HAVE_UNISTD_H 1
| #define __EXTENSIONS__ 1
| #define _ALL_SOURCE 1
| #define _GNU_SOURCE 1
| #define _POSIX_PTHREAD_SEMANTICS 1
| #define _TANDEM_SOURCE 1
| #define PROTOTYPES 1
| #define __PROTOTYPES 1
| #define HAVE_STRING_H 1
| #define ENABLE_NLS 1
| #define HAVE_GETTEXT 1
| #define HAVE_DCGETTEXT 1
| #define HAVE_LANGINFO_CODESET 1
| #define HAVE_LC_MESSAGES 1
| #define STDC_HEADERS 1
| #define HAVE_SYS_WAIT_H 1
| #define TIME_WITH_SYS_TIME 1
| #define HAVE_ARPA_INET_H 1
| #define HAVE_FCNTL_H 1
| #define HAVE_LIMITS_H 1
| #define HAVE_LOCALE_H 1
| #define HAVE_LIBINTL_H 1
| #define HAVE_MCHECK_H 1
| #define HAVE_NETDB_H 1
| #define HAVE_NETINET_IN_H 1
| #define HAVE_STDARG_H 1
| #define HAVE_STDDEF_H 1
| #define HAVE_STRING_H 1
| #define HAVE_SYS_PARAM_H 1
| #define HAVE_SYS_SOCKET_H 1
| #define HAVE_SYS_TIME_H 1
| #define HAVE_UNISTD_H 1
| #define HAVE_TERMIOS_H 1
| #define HAVE_WCHAR_H 1
| #define HAVE_WCTYPE_H 1
| #define HAVE_MEMORY_H 1
| #define RETSIGTYPE void
| #define GETGROUPS_T gid_t
| #define HAVE_LONG_LONG_INT 1
| #define HAVE_LONG_LONG 1
| #define HAVE_UNSIGNED_LONG_LONG_INT 1
| #define HAVE_UNSIGNED_LONG_LONG 1
| #define HAVE_INTTYPES_H_WITH_UINTMAX 1
| #define HAVE_STDINT_H_WITH_UINTMAX 1
| #define HAVE_INTMAX_T 1
| #define HAVE_UINTMAX_T 1
| #define SIZEOF_UNSIGNED_INT 4
| #define SIZEOF_UNSIGNED_LONG 8
| #define SPRINTF_RET int
| #define TIME_T_IN_SYS_TYPES_H 1
| #define HAVE_WCTYPE_T 1
| #define HAVE_WINT_T 1
| #define HAVE_SOCKADDR_STORAGE 1
| #define HAVE_VPRINTF 1
| #define HAVE_SYS_TIME_H 1
| #define HAVE_UNISTD_H 1
| #define HAVE_ALARM 1
| #define HAVE_MKTIME 1
| #define HAVE_GETADDRINFO 1
| #define HAVE_LIBM 1
| #define HAVE_LIBM 1
| /* end confdefs.h.  */
| #include <sigsegv.h>
| int
| main ()
| {
| sigsegv_deinstall_handler();
|   ;
|   return 0;
| }
configure:9720: result: no
configure:9760: checking for atexit
configure:9760: gcc -o conftest -g -O2   conftest.c -lm -lm  >&5
configure:9760: $? = 0
configure:9760: result: yes
configure:9760: checking for btowc
configure:9760: gcc -o conftest -g -O2   conftest.c -lm -lm  >&5
configure:9760: $? = 0
configure:9760: result: yes
configure:9760: checking for fmod
configure:9760: gcc -o conftest -g -O2   conftest.c -lm -lm  >&5
conftest.c:106:6: warning: conflicting types for built-in function 'fmod'; expected 'double(double,  double)' [-Wbuiltin-declaration-mismatch]
  106 | char fmod ();
      |      ^~~~
conftest.c:94:1: note: 'fmod' is declared in header '<math.h>'
   93 | # include <limits.h>
   94 | #else
configure:9760: $? = 0
configure:9760: result: yes
configure:9760: checking for getgrent
configure:9760: gcc -o conftest -g -O2   conftest.c -lm -lm  >&5
configure:9760: $? = 0
configure:9760: result: yes
configure:9760: checking for getgroups
configure:9760: gcc -o conftest -g -O2   conftest.c -lm -lm  >&5
configure:9760: $? = 0
configure:9760: result: yes
configure:9760: checking for grantpt
configure:9760: gcc -o conftest -g -O2   conftest.c -lm -lm  >&5
configure:9760: $? = 0
configure:9760: result: yes
configure:9760: checking for isascii
configure:9760: gcc -o conftest -g -O2   conftest.c -lm -lm  >&5
conftest.c:110:6: warning: conflicting types for built-in function 'isascii'; expected 'int(int)' [-Wbuiltin-declaration-mismatch]
  110 | char isascii ();
      |      ^~~~~~~
configure:9760: $? = 0
configure:9760: result: yes
configure:9760: checking for iswctype
configure:9760: gcc -o conftest -g -O2   conftest.c -lm -lm  >&5
configure:9760: $? = 0
configure:9760: result: yes
configure:9760: checking for iswlower
configure:9760: gcc -o conftest -g -O2   conftest.c -lm -lm  >&5
conftest.c:112:6: warning: conflicting types for built-in function 'iswlower'; expected 'int(unsigned int)' [-Wbuiltin-declaration-mismatch]
  112 | char iswlower ();
      |      ^~~~~~~~
conftest.c:100:1: note: 'iswlower' is declared in header '<wctype.h>'
   99 | # include <limits.h>
  100 | #else
configure:9760: $? = 0
configure:9760: result: yes
configure:9760: checking for iswupper
configure:9760: gcc -o conftest -g -O2   conftest.c -lm -lm  >&5
conftest.c:113:6: warning: conflicting types for built-in function 'iswupper'; expected 'int(unsigned int)' [-Wbuiltin-declaration-mismatch]
  113 | char iswupper ();
      |      ^~~~~~~~
conftest.c:101:1: note: 'iswupper' is declared in header '<wctype.h>'
  100 | # include <limits.h>
  101 | #else
configure:9760: $? = 0
configure:9760: result: yes
configure:9760: checking for mbrlen
configure:9760: gcc -o conftest -g -O2   conftest.c -lm -lm  >&5
configure:9760: $? = 0
configure:9760: result: yes
configure:9760: checking for memcmp
configure:9760: gcc -o conftest -g -O2   conftest.c -lm -lm  >&5
conftest.c:115:6: warning: conflicting types for built-in function 'memcmp'; expected 'int(const void *, const void *, long unsigned int)' [-Wbuiltin-declaration-mismatch]
  115 | char memcmp ();
      |      ^~~~~~
conftest.c:103:1: note: 'memcmp' is declared in header '<string.h>'
  102 | # include <limits.h>
  103 | #else
configure:9760: $? = 0
configure:9760: result: yes
configure:9760: checking for memcpy
configure:9760: gcc -o conftest -g -O2   conftest.c -lm -lm  >&5
conftest.c:116:6: warning: conflicting types for built-in function 'memcpy'; expected 'void *(void *, const void *, long unsigned int)' [-Wbuiltin-declaration-mismatch]
  116 | char memcpy ();
      |      ^~~~~~
conftest.c:104:1: note: 'memcpy' is declared in header '<string.h>'
  103 | # include <limits.h>
  104 | #else
configure:9760: $? = 0
configure:9760: result: yes
configure:9760: checking for memcpy_ulong
configure:9760: gcc -o conftest -g -O2   conftest.c -lm -lm  >&5
/usr/bin/ld: /tmp/ccvNXu9A.o: in function `main':
/home/alejandro/Documentos/Heap-Managers/gawk-3.1.8/conftest.c:128: undefined reference to `memcpy_ulong'
collect2: error: ld returned 1 exit status
configure:9760: $? = 1
configure: failed program was:
| /* confdefs.h */
| #define PACKAGE_NAME "GNU Awk"
| #define PACKAGE_TARNAME "gawk"
| #define PACKAGE_VERSION "3.1.8"
| #define PACKAGE_STRING "GNU Awk 3.1.8"
| #define PACKAGE_BUGREPORT "bug-gawk@gnu.org"
| #define PACKAGE_URL "http://www.gnu.org/software/gawk/"
| #define PACKAGE "gawk"
| #define VERSION "3.1.8"
| #define STDC_HEADERS 1
| #define HAVE_SYS_TYPES_H 1
| #define HAVE_SYS_STAT_H 1
| #define HAVE_STDLIB_H 1
| #define HAVE_STRING_H 1
| #define HAVE_MEMORY_H 1
| #define HAVE_STRINGS_H 1
| #define HAVE_INTTYPES_H 1
| #define HAVE_STDINT_H 1
| #define HAVE_UNISTD_H 1
| #define __EXTENSIONS__ 1
| #define _ALL_SOURCE 1
| #define _GNU_SOURCE 1
| #define _POSIX_PTHREAD_SEMANTICS 1
| #define _TANDEM_SOURCE 1
| #define PROTOTYPES 1
| #define __PROTOTYPES 1
| #define HAVE_STRING_H 1
| #define ENABLE_NLS 1
| #define HAVE_GETTEXT 1
| #define HAVE_DCGETTEXT 1
| #define HAVE_LANGINFO_CODESET 1
| #define HAVE_LC_MESSAGES 1
| #define STDC_HEADERS 1
| #define HAVE_SYS_WAIT_H 1
| #define TIME_WITH_SYS_TIME 1
| #define HAVE_ARPA_INET_H 1
| #define HAVE_FCNTL_H 1
| #define HAVE_LIMITS_H 1
| #define HAVE_LOCALE_H 1
| #define HAVE_LIBINTL_H 1
| #define HAVE_MCHECK_H 1
| #define HAVE_NETDB_H 1
| #define HAVE_NETINET_IN_H 1
| #define HAVE_STDARG_H 1
| #define HAVE_STDDEF_H 1
| #define HAVE_STRING_H 1
| #define HAVE_SYS_PARAM_H 1
| #define HAVE_SYS_SOCKET_H 1
| #define HAVE_SYS_TIME_H 1
| #define HAVE_UNISTD_H 1
| #define HAVE_TERMIOS_H 1
| #define HAVE_WCHAR_H 1
| #define HAVE_WCTYPE_H 1
| #define HAVE_MEMORY_H 1
| #define RETSIGTYPE void
| #define GETGROUPS_T gid_t
| #define HAVE_LONG_LONG_INT 1
| #define HAVE_LONG_LONG 1
| #define HAVE_UNSIGNED_LONG_LONG_INT 1
| #define HAVE_UNSIGNED_LONG_LONG 1
| #define HAVE_INTTYPES_H_WITH_UINTMAX 1
| #define HAVE_STDINT_H_WITH_UINTMAX 1
| #define HAVE_INTMAX_T 1
| #define HAVE_UINTMAX_T 1
| #define SIZEOF_UNSIGNED_INT 4
| #define SIZEOF_UNSIGNED_LONG 8
| #define SPRINTF_RET int
| #define TIME_T_IN_SYS_TYPES_H 1
| #define HAVE_WCTYPE_T 1
| #define HAVE_WINT_T 1
| #define HAVE_SOCKADDR_STORAGE 1
| #define HAVE_VPRINTF 1
| #define HAVE_SYS_TIME_H 1
| #define HAVE_UNISTD_H 1
| #define HAVE_ALARM 1
| #define HAVE_MKTIME 1
| #define HAVE_GETADDRINFO 1
| #define HAVE_LIBM 1
| #define HAVE_LIBM 1
| #define HAVE_ATEXIT 1
| #define HAVE_BTOWC 1
| #define HAVE_FMOD 1
| #define HAVE_GETGRENT 1
| #define HAVE_GETGROUPS 1
| #define HAVE_GRANTPT 1
| #define HAVE_ISASCII 1
| #define HAVE_ISWCTYPE 1
| #define HAVE_ISWLOWER 1
| #define HAVE_ISWUPPER 1
| #define HAVE_MBRLEN 1
| #define HAVE_MEMCMP 1
| #define HAVE_MEMCPY 1
| /* end confdefs.h.  */
| /* Define memcpy_ulong to an innocuous variant, in case <limits.h> declares memcpy_ulong.
|    For example, HP-UX 11i <limits.h> declares gettimeofday.  */
| #define memcpy_ulong innocuous_memcpy_ulong
| 
| /* System header to define __stub macros and hopefully few prototypes,
|     which can conflict with char memcpy_ulong (); below.
|     Prefer <limits.h> to <assert.h> if __STDC__ is defined, since
|     <limits.h> exists even on freestanding compilers.  */
| 
| #ifdef __STDC__
| # include <limits.h>
| #else
| # include <assert.h>
| #endif
| 
| #undef memcpy_ulong
| 
| /* Override any GCC internal prototype to avoid an error.
|    Use char because int might match the return type of a GCC
|    builtin and then its argument prototype would still apply.  */
| #ifdef __cplusplus
| extern "C"
| #endif
| char memcpy_ulong ();
| /* The GNU C library defines this for functions which it implements
|     to always fail with ENOSYS.  Some functions are actually named
|     something starting with __ and the normal name is an alias.  */
| #if defined __stub_memcpy_ulong || defined __stub___memcpy_ulong
| choke me
| #endif
| 
| int
| main ()
| {
| return memcpy_ulong ();
|   ;
|   return 0;
| }
configure:9760: result: no
configure:9760: checking for memmove
configure:9760: gcc -o conftest -g -O2   conftest.c -lm -lm  >&5
conftest.c:117:6: warning: conflicting types for built-in function 'memmove'; expected 'void *(void *, const void *, long unsigned int)' [-Wbuiltin-declaration-mismatch]
  117 | char memmove ();
      |      ^~~~~~~
conftest.c:105:1: note: 'memmove' is declared in header '<string.h>'
  104 | # include <limits.h>
  105 | #else
configure:9760: $? = 0
configure:9760: result: yes
configure:9760: checking for memset
configure:9760: gcc -o conftest -g -O2   conftest.c -lm -lm  >&5
conftest.c:118:6: warning: conflicting types for built-in function 'memset'; expected 'void *(void *, int,  long unsigned int)' [-Wbuiltin-declaration-mismatch]
  118 | char memset ();
      |      ^~~~~~
conftest.c:106:1: note: 'memset' is declared in header '<string.h>'
  105 | # include <limits.h>
  106 | #else
configure:9760: $? = 0
configure:9760: result: yes
configure:9760: checking for memset_ulong
configure:9760: gcc -o conftest -g -O2   conftest.c -lm -lm  >&5
/usr/bin/ld: /tmp/ccTK7JOl.o: in function `main':
/home/alejandro/Documentos/Heap-Managers/gawk-3.1.8/conftest.c:130: undefined reference to `memset_ulong'
collect2: error: ld returned 1 exit status
configure:9760: $? = 1
configure: failed program was:
| /* confdefs.h */
| #define PACKAGE_NAME "GNU Awk"
| #define PACKAGE_TARNAME "gawk"
| #define PACKAGE_VERSION "3.1.8"
| #define PACKAGE_STRING "GNU Awk 3.1.8"
| #define PACKAGE_BUGREPORT "bug-gawk@gnu.org"
| #define PACKAGE_URL "http://www.gnu.org/software/gawk/"
| #define PACKAGE "gawk"
| #define VERSION "3.1.8"
| #define STDC_HEADERS 1
| #define HAVE_SYS_TYPES_H 1
| #define HAVE_SYS_STAT_H 1
| #define HAVE_STDLIB_H 1
| #define HAVE_STRING_H 1
| #define HAVE_MEMORY_H 1
| #define HAVE_STRINGS_H 1
| #define HAVE_INTTYPES_H 1
| #define HAVE_STDINT_H 1
| #define HAVE_UNISTD_H 1
| #define __EXTENSIONS__ 1
| #define _ALL_SOURCE 1
| #define _GNU_SOURCE 1
| #define _POSIX_PTHREAD_SEMANTICS 1
| #define _TANDEM_SOURCE 1
| #define PROTOTYPES 1
| #define __PROTOTYPES 1
| #define HAVE_STRING_H 1
| #define ENABLE_NLS 1
| #define HAVE_GETTEXT 1
| #define HAVE_DCGETTEXT 1
| #define HAVE_LANGINFO_CODESET 1
| #define HAVE_LC_MESSAGES 1
| #define STDC_HEADERS 1
| #define HAVE_SYS_WAIT_H 1
| #define TIME_WITH_SYS_TIME 1
| #define HAVE_ARPA_INET_H 1
| #define HAVE_FCNTL_H 1
| #define HAVE_LIMITS_H 1
| #define HAVE_LOCALE_H 1
| #define HAVE_LIBINTL_H 1
| #define HAVE_MCHECK_H 1
| #define HAVE_NETDB_H 1
| #define HAVE_NETINET_IN_H 1
| #define HAVE_STDARG_H 1
| #define HAVE_STDDEF_H 1
| #define HAVE_STRING_H 1
| #define HAVE_SYS_PARAM_H 1
| #define HAVE_SYS_SOCKET_H 1
| #define HAVE_SYS_TIME_H 1
| #define HAVE_UNISTD_H 1
| #define HAVE_TERMIOS_H 1
| #define HAVE_WCHAR_H 1
| #define HAVE_WCTYPE_H 1
| #define HAVE_MEMORY_H 1
| #define RETSIGTYPE void
| #define GETGROUPS_T gid_t
| #define HAVE_LONG_LONG_INT 1
| #define HAVE_LONG_LONG 1
| #define HAVE_UNSIGNED_LONG_LONG_INT 1
| #define HAVE_UNSIGNED_LONG_LONG 1
| #define HAVE_INTTYPES_H_WITH_UINTMAX 1
| #define HAVE_STDINT_H_WITH_UINTMAX 1
| #define HAVE_INTMAX_T 1
| #define HAVE_UINTMAX_T 1
| #define SIZEOF_UNSIGNED_INT 4
| #define SIZEOF_UNSIGNED_LONG 8
| #define SPRINTF_RET int
| #define TIME_T_IN_SYS_TYPES_H 1
| #define HAVE_WCTYPE_T 1
| #define HAVE_WINT_T 1
| #define HAVE_SOCKADDR_STORAGE 1
| #define HAVE_VPRINTF 1
| #define HAVE_SYS_TIME_H 1
| #define HAVE_UNISTD_H 1
| #define HAVE_ALARM 1
| #define HAVE_MKTIME 1
| #define HAVE_GETADDRINFO 1
| #define HAVE_LIBM 1
| #define HAVE_LIBM 1
| #define HAVE_ATEXIT 1
| #define HAVE_BTOWC 1
| #define HAVE_FMOD 1
| #define HAVE_GETGRENT 1
| #define HAVE_GETGROUPS 1
| #define HAVE_GRANTPT 1
| #define HAVE_ISASCII 1
| #define HAVE_ISWCTYPE 1
| #define HAVE_ISWLOWER 1
| #define HAVE_ISWUPPER 1
| #define HAVE_MBRLEN 1
| #define HAVE_MEMCMP 1
| #define HAVE_MEMCPY 1
| #define HAVE_MEMMOVE 1
| #define HAVE_MEMSET 1
| /* end confdefs.h.  */
| /* Define memset_ulong to an innocuous variant, in case <limits.h> declares memset_ulong.
|    For example, HP-UX 11i <limits.h> declares gettimeofday.  */
| #define memset_ulong innocuous_memset_ulong
| 
| /* System header to define __stub macros and hopefully few prototypes,
|     which can conflict with char memset_ulong (); below.
|     Prefer <limits.h> to <assert.h> if __STDC__ is defined, since
|     <limits.h> exists even on freestanding compilers.  */
| 
| #ifdef __STDC__
| # include <limits.h>
| #else
| # include <assert.h>
| #endif
| 
| #undef memset_ulong
| 
| /* Override any GCC internal prototype to avoid an error.
|    Use char because int might match the return type of a GCC
|    builtin and then its argument prototype would still apply.  */
| #ifdef __cplusplus
| extern "C"
| #endif
| char memset_ulong ();
| /* The GNU C library defines this for functions which it implements
|     to always fail with ENOSYS.  Some functions are actually named
|     something starting with __ and the normal name is an alias.  */
| #if defined __stub_memset_ulong || defined __stub___memset_ulong
| choke me
| #endif
| 
| int
| main ()
| {
| return memset_ulong ();
|   ;
|   return 0;
| }
configure:9760: result: no
configure:9760: checking for mkstemp
configure:9760: gcc -o conftest -g -O2   conftest.c -lm -lm  >&5
configure:9760: $? = 0
configure:9760: result: yes
configure:9760: checking for setlocale
configure:9760: gcc -o conftest -g -O2   conftest.c -lm -lm  >&5
configure:9760: $? = 0
configure:9760: result: yes
configure:9760: checking for snprintf
configure:9760: gcc -o conftest -g -O2   conftest.c -lm -lm  >&5
conftest.c:121:6: warning: conflicting types for built-in function 'snprintf'; expected 'int(char *, long unsigned int,  const char *, ...)' [-Wbuiltin-declaration-mismatch]
  121 | char snprintf ();
      |      ^~~~~~~~
conftest.c:109:1: note: 'snprintf' is declared in header '<stdio.h>'
  108 | # include <limits.h>
  109 | #else
configure:9760: $? = 0
configure:9760: result: yes
configure:9760: checking for strchr
configure:9760: gcc -o conftest -g -O2   conftest.c -lm -lm  >&5
conftest.c:122:6: warning: conflicting types for built-in function 'strchr'; expected 'char *(const char *, int)' [-Wbuiltin-declaration-mismatch]
  122 | char strchr ();
      |      ^~~~~~
conftest.c:110:1: note: 'strchr' is declared in header '<string.h>'
  109 | # include <limits.h>
  110 | #else
configure:9760: $? = 0
configure:9760: result: yes
configure:9760: checking for strerror
configure:9760: gcc -o conftest -g -O2   conftest.c -lm -lm  >&5
configure:9760: $? = 0
configure:9760: result: yes
configure:9760: checking for strftime
configure:9760: gcc -o conftest -g -O2   conftest.c -lm -lm  >&5
conftest.c:124:6: warning: conflicting types for built-in function 'strftime'; expected 'long unsigned int(char *, long unsigned int,  const char *, const void *)' [-Wbuiltin-declaration-mismatch]
  124 | char strftime ();
      |      ^~~~~~~~
conftest.c:112:1: note: 'strftime' is declared in header '<time.h>'
  111 | # include <limits.h>
  112 | #else
configure:9760: $? = 0
configure:9760: result: yes
configure:9760: checking for strncasecmp
configure:9760: gcc -o conftest -g -O2   conftest.c -lm -lm  >&5
conftest.c:125:6: warning: conflicting types for built-in function 'strncasecmp'; expected 'int(const char *, const char *, long unsigned int)' [-Wbuiltin-declaration-mismatch]
  125 | char strncasecmp ();
      |      ^~~~~~~~~~~
configure:9760: $? = 0
configure:9760: result: yes
configure:9760: checking for strtod
configure:9760: gcc -o conftest -g -O2   conftest.c -lm -lm  >&5
configure:9760: $? = 0
configure:9760: result: yes
configure:9760: checking for strtoul
configure:9760: gcc -o conftest -g -O2   conftest.c -lm -lm  >&5
configure:9760: $? = 0
configure:9760: result: yes
configure:9760: checking for system
configure:9760: gcc -o conftest -g -O2   conftest.c -lm -lm  >&5
configure:9760: $? = 0
configure:9760: result: yes
configure:9760: checking for tmpfile
configure:9760: gcc -o conftest -g -O2   conftest.c -lm -lm  >&5
configure:9760: $? = 0
configure:9760: result: yes
configure:9760: checking for towlower
configure:9760: gcc -o conftest -g -O2   conftest.c -lm -lm  >&5
conftest.c:130:6: warning: conflicting types for built-in function 'towlower'; expected 'unsigned int(unsigned int)' [-Wbuiltin-declaration-mismatch]
  130 | char towlower ();
      |      ^~~~~~~~
conftest.c:118:1: note: 'towlower' is declared in header '<wctype.h>'
  117 | # include <limits.h>
  118 | #else
configure:9760: $? = 0
configure:9760: result: yes
configure:9760: checking for towupper
configure:9760: gcc -o conftest -g -O2   conftest.c -lm -lm  >&5
conftest.c:131:6: warning: conflicting types for built-in function 'towupper'; expected 'unsigned int(unsigned int)' [-Wbuiltin-declaration-mismatch]
  131 | char towupper ();
      |      ^~~~~~~~
conftest.c:119:1: note: 'towupper' is declared in header '<wctype.h>'
  118 | # include <limits.h>
  119 | #else
configure:9760: $? = 0
configure:9760: result: yes
configure:9760: checking for tzset
configure:9760: gcc -o conftest -g -O2   conftest.c -lm -lm  >&5
configure:9760: $? = 0
configure:9760: result: yes
configure:9760: checking for usleep
configure:9760: gcc -o conftest -g -O2   conftest.c -lm -lm  >&5
configure:9760: $? = 0
configure:9760: result: yes
configure:9760: checking for wcrtomb
configure:9760: gcc -o conftest -g -O2   conftest.c -lm -lm  >&5
configure:9760: $? = 0
configure:9760: result: yes
configure:9760: checking for wcscoll
configure:9760: gcc -o conftest -g -O2   conftest.c -lm -lm  >&5
configure:9760: $? = 0
configure:9760: result: yes
configure:9760: checking for wcscoll
configure:9760: result: yes
configure:9760: checking for wctype
configure:9760: gcc -o conftest -g -O2   conftest.c -lm -lm  >&5
configure:9760: $? = 0
configure:9760: result: yes
configure:9771: checking whether mbrtowc and mbstate_t are properly declared
configure:9791: gcc -o conftest -g -O2   conftest.c -lm -lm  >&5
configure:9791: $? = 0
configure:9799: result: yes
configure:9808: checking dlfcn.h usability
configure:9808: gcc -c -g -O2  conftest.c >&5
configure:9808: $? = 0
configure:9808: result: yes
configure:9808: checking dlfcn.h presence
configure:9808: gcc -E  conftest.c
configure:9808: $? = 0
configure:9808: result: yes
configure:9808: checking for dlfcn.h
configure:9808: result: yes
configure:9828: checking for library containing dlopen
configure:9859: gcc -o conftest -g -O2   -export-dynamic conftest.c -lm -lm  >&5
/usr/bin/ld: /tmp/ccvy80pe.o: in function `main':
/home/alejandro/Documentos/Heap-Managers/gawk-3.1.8/conftest.c:128: undefined reference to `dlopen'
collect2: error: ld returned 1 exit status
configure:9859: $? = 1
configure: failed program was:
| /* confdefs.h */
| #define PACKAGE_NAME "GNU Awk"
| #define PACKAGE_TARNAME "gawk"
| #define PACKAGE_VERSION "3.1.8"
| #define PACKAGE_STRING "GNU Awk 3.1.8"
| #define PACKAGE_BUGREPORT "bug-gawk@gnu.org"
| #define PACKAGE_URL "http://www.gnu.org/software/gawk/"
| #define PACKAGE "gawk"
| #define VERSION "3.1.8"
| #define STDC_HEADERS 1
| #define HAVE_SYS_TYPES_H 1
| #define HAVE_SYS_STAT_H 1
| #define HAVE_STDLIB_H 1
| #define HAVE_STRING_H 1
| #define HAVE_MEMORY_H 1
| #define HAVE_STRINGS_H 1
| #define HAVE_INTTYPES_H 1
| #define HAVE_STDINT_H 1
| #define HAVE_UNISTD_H 1
| #define __EXTENSIONS__ 1
| #define _ALL_SOURCE 1
| #define _GNU_SOURCE 1
| #define _POSIX_PTHREAD_SEMANTICS 1
| #define _TANDEM_SOURCE 1
| #define PROTOTYPES 1
| #define __PROTOTYPES 1
| #define HAVE_STRING_H 1
| #define ENABLE_NLS 1
| #define HAVE_GETTEXT 1
| #define HAVE_DCGETTEXT 1
| #define HAVE_LANGINFO_CODESET 1
| #define HAVE_LC_MESSAGES 1
| #define STDC_HEADERS 1
| #define HAVE_SYS_WAIT_H 1
| #define TIME_WITH_SYS_TIME 1
| #define HAVE_ARPA_INET_H 1
| #define HAVE_FCNTL_H 1
| #define HAVE_LIMITS_H 1
| #define HAVE_LOCALE_H 1
| #define HAVE_LIBINTL_H 1
| #define HAVE_MCHECK_H 1
| #define HAVE_NETDB_H 1
| #define HAVE_NETINET_IN_H 1
| #define HAVE_STDARG_H 1
| #define HAVE_STDDEF_H 1
| #define HAVE_STRING_H 1
| #define HAVE_SYS_PARAM_H 1
| #define HAVE_SYS_SOCKET_H 1
| #define HAVE_SYS_TIME_H 1
| #define HAVE_UNISTD_H 1
| #define HAVE_TERMIOS_H 1
| #define HAVE_WCHAR_H 1
| #define HAVE_WCTYPE_H 1
| #define HAVE_MEMORY_H 1
| #define RETSIGTYPE void
| #define GETGROUPS_T gid_t
| #define HAVE_LONG_LONG_INT 1
| #define HAVE_LONG_LONG 1
| #define HAVE_UNSIGNED_LONG_LONG_INT 1
| #define HAVE_UNSIGNED_LONG_LONG 1
| #define HAVE_INTTYPES_H_WITH_UINTMAX 1
| #define HAVE_STDINT_H_WITH_UINTMAX 1
| #define HAVE_INTMAX_T 1
| #define HAVE_UINTMAX_T 1
| #define SIZEOF_UNSIGNED_INT 4
| #define SIZEOF_UNSIGNED_LONG 8
| #define SPRINTF_RET int
| #define TIME_T_IN_SYS_TYPES_H 1
| #define HAVE_WCTYPE_T 1
| #define HAVE_WINT_T 1
| #define HAVE_SOCKADDR_STORAGE 1
| #define HAVE_VPRINTF 1
| #define HAVE_SYS_TIME_H 1
| #define HAVE_UNISTD_H 1
| #define HAVE_ALARM 1
| #define HAVE_MKTIME 1
| #define HAVE_GETADDRINFO 1
| #define HAVE_LIBM 1
| #define HAVE_LIBM 1
| #define HAVE_ATEXIT 1
| #define HAVE_BTOWC 1
| #define HAVE_FMOD 1
| #define HAVE_GETGRENT 1
| #define HAVE_GETGROUPS 1
| #define HAVE_GRANTPT 1
| #define HAVE_ISASCII 1
| #define HAVE_ISWCTYPE 1
| #define HAVE_ISWLOWER 1
| #define HAVE_ISWUPPER 1
| #define HAVE_MBRLEN 1
| #define HAVE_MEMCMP 1
| #define HAVE_MEMCPY 1
| #define HAVE_MEMMOVE 1
| #define HAVE_MEMSET 1
| #define HAVE_MKSTEMP 1
| #define HAVE_SETLOCALE 1
| #define HAVE_SNPRINTF 1
| #define HAVE_STRCHR 1
| #define HAVE_STRERROR 1
| #define HAVE_STRFTIME 1
| #define HAVE_STRNCASECMP 1
| #define HAVE_STRTOD 1
| #define HAVE_STRTOUL 1
| #define HAVE_SYSTEM 1
| #define HAVE_TMPFILE 1
| #define HAVE_TOWLOWER 1
| #define HAVE_TOWUPPER 1
| #define HAVE_TZSET 1
| #define HAVE_USLEEP 1
| #define HAVE_WCRTOMB 1
| #define HAVE_WCSCOLL 1
| #define HAVE_WCSCOLL 1
| #define HAVE_WCTYPE 1
| #define HAVE_MBRTOWC 1
| #define DYNAMIC 1
| /* end confdefs.h.  */
| 
| /* Override any GCC internal prototype to avoid an error.
|    Use char because int might match the return type of a GCC
|    builtin and then its argument prototype would still apply.  */
| #ifdef __cplusplus
| extern "C"
| #endif
| char dlopen ();
| int
| main ()
| {
| return dlopen ();
|   ;
|   return 0;
| }
configure:9859: gcc -o conftest -g -O2   -export-dynamic conftest.c -ldl  -lm -lm  >&5
configure:9859: $? = 0
configure:9876: result: -ldl
configure:9895: checking whether getpgrp requires zero arguments
configure:9912: gcc -c -g -O2  conftest.c >&5
conftest.c: In function 'main':
conftest.c:153:1: error: too many arguments to function 'getpgrp'
  153 | getpgrp (0);
      | ^~~~~~~
In file included from conftest.c:148:
/usr/include/unistd.h:634:16: note: declared here
  634 | extern __pid_t getpgrp (void) __THROW;
      |                ^~~~~~~
configure:9912: $? = 1
configure: failed program was:
| /* confdefs.h */
| #define PACKAGE_NAME "GNU Awk"
| #define PACKAGE_TARNAME "gawk"
| #define PACKAGE_VERSION "3.1.8"
| #define PACKAGE_STRING "GNU Awk 3.1.8"
| #define PACKAGE_BUGREPORT "bug-gawk@gnu.org"
| #define PACKAGE_URL "http://www.gnu.org/software/gawk/"
| #define PACKAGE "gawk"
| #define VERSION "3.1.8"
| #define STDC_HEADERS 1
| #define HAVE_SYS_TYPES_H 1
| #define HAVE_SYS_STAT_H 1
| #define HAVE_STDLIB_H 1
| #define HAVE_STRING_H 1
| #define HAVE_MEMORY_H 1
| #define HAVE_STRINGS_H 1
| #define HAVE_INTTYPES_H 1
| #define HAVE_STDINT_H 1
| #define HAVE_UNISTD_H 1
| #define __EXTENSIONS__ 1
| #define _ALL_SOURCE 1
| #define _GNU_SOURCE 1
| #define _POSIX_PTHREAD_SEMANTICS 1
| #define _TANDEM_SOURCE 1
| #define PROTOTYPES 1
| #define __PROTOTYPES 1
| #define HAVE_STRING_H 1
| #define ENABLE_NLS 1
| #define HAVE_GETTEXT 1
| #define HAVE_DCGETTEXT 1
| #define HAVE_LANGINFO_CODESET 1
| #define HAVE_LC_MESSAGES 1
| #define STDC_HEADERS 1
| #define HAVE_SYS_WAIT_H 1
| #define TIME_WITH_SYS_TIME 1
| #define HAVE_ARPA_INET_H 1
| #define HAVE_FCNTL_H 1
| #define HAVE_LIMITS_H 1
| #define HAVE_LOCALE_H 1
| #define HAVE_LIBINTL_H 1
| #define HAVE_MCHECK_H 1
| #define HAVE_NETDB_H 1
| #define HAVE_NETINET_IN_H 1
| #define HAVE_STDARG_H 1
| #define HAVE_STDDEF_H 1
| #define HAVE_STRING_H 1
| #define HAVE_SYS_PARAM_H 1
| #define HAVE_SYS_SOCKET_H 1
| #define HAVE_SYS_TIME_H 1
| #define HAVE_UNISTD_H 1
| #define HAVE_TERMIOS_H 1
| #define HAVE_WCHAR_H 1
| #define HAVE_WCTYPE_H 1
| #define HAVE_MEMORY_H 1
| #define RETSIGTYPE void
| #define GETGROUPS_T gid_t
| #define HAVE_LONG_LONG_INT 1
| #define HAVE_LONG_LONG 1
| #define HAVE_UNSIGNED_LONG_LONG_INT 1
| #define HAVE_UNSIGNED_LONG_LONG 1
| #define HAVE_INTTYPES_H_WITH_UINTMAX 1
| #define HAVE_STDINT_H_WITH_UINTMAX 1
| #define HAVE_INTMAX_T 1
| #define HAVE_UINTMAX_T 1
| #define SIZEOF_UNSIGNED_INT 4
| #define SIZEOF_UNSIGNED_LONG 8
| #define SPRINTF_RET int
| #define TIME_T_IN_SYS_TYPES_H 1
| #define HAVE_WCTYPE_T 1
| #define HAVE_WINT_T 1
| #define HAVE_SOCKADDR_STORAGE 1
| #define HAVE_VPRINTF 1
| #define HAVE_SYS_TIME_H 1
| #define HAVE_UNISTD_H 1
| #define HAVE_ALARM 1
| #define HAVE_MKTIME 1
| #define HAVE_GETADDRINFO 1
| #define HAVE_LIBM 1
| #define HAVE_LIBM 1
| #define HAVE_ATEXIT 1
| #define HAVE_BTOWC 1
| #define HAVE_FMOD 1
| #define HAVE_GETGRENT 1
| #define HAVE_GETGROUPS 1
| #define HAVE_GRANTPT 1
| #define HAVE_ISASCII 1
| #define HAVE_ISWCTYPE 1
| #define HAVE_ISWLOWER 1
| #define HAVE_ISWUPPER 1
| #define HAVE_MBRLEN 1
| #define HAVE_MEMCMP 1
| #define HAVE_MEMCPY 1
| #define HAVE_MEMMOVE 1
| #define HAVE_MEMSET 1
| #define HAVE_MKSTEMP 1
| #define HAVE_SETLOCALE 1
| #define HAVE_SNPRINTF 1
| #define HAVE_STRCHR 1
| #define HAVE_STRERROR 1
| #define HAVE_STRFTIME 1
| #define HAVE_STRNCASECMP 1
| #define HAVE_STRTOD 1
| #define HAVE_STRTOUL 1
| #define HAVE_SYSTEM 1
| #define HAVE_TMPFILE 1
| #define HAVE_TOWLOWER 1
| #define HAVE_TOWUPPER 1
| #define HAVE_TZSET 1
| #define HAVE_USLEEP 1
| #define HAVE_WCRTOMB 1
| #define HAVE_WCSCOLL 1
| #define HAVE_WCSCOLL 1
| #define HAVE_WCTYPE 1
| #define HAVE_MBRTOWC 1
| #define DYNAMIC 1
| /* end confdefs.h.  */
| #include <stdio.h>
| #ifdef HAVE_SYS_TYPES_H
| # include <sys/types.h>
| #endif
| #ifdef HAVE_SYS_STAT_H
| # include <sys/stat.h>
| #endif
| #ifdef STDC_HEADERS
| # include <stdlib.h>
| # include <stddef.h>
| #else
| # ifdef HAVE_STDLIB_H
| #  include <stdlib.h>
| # endif
| #endif
| #ifdef HAVE_STRING_H
| # if !defined STDC_HEADERS && defined HAVE_MEMORY_H
| #  include <memory.h>
| # endif
| # include <string.h>
| #endif
| #ifdef HAVE_STRINGS_H
| # include <strings.h>
| #endif
| #ifdef HAVE_INTTYPES_H
| # include <inttypes.h>
| #endif
| #ifdef HAVE_STDINT_H
| # include <stdint.h>
| #endif
| #ifdef HAVE_UNISTD_H
| # include <unistd.h>
| #endif
| int
| main ()
| {
| getpgrp (0);
|   ;
|   return 0;
| }
configure:9920: result: yes
configure:9931: checking for printf %F format
configure:9954: gcc -o conftest -g -O2   -export-dynamic conftest.c -ldl -lm -lm  >&5
conftest.c: In function 'main':
conftest.c:127:6: warning: implicit declaration of function 'strcmp' [-Wimplicit-function-declaration]
  127 |  if (strcmp(buf, "123.450000") == 0)
      |      ^~~~~~
configure:9954: $? = 0
configure:9954: ./conftest
configure:9954: $? = 0
configure:9968: result: yes
configure:9996: checking for gethostbyname
configure:9996: gcc -o conftest -g -O2   -export-dynamic conftest.c -ldl -lm -lm  >&5
configure:9996: $? = 0
configure:9996: result: yes
configure:10051: checking for connect
configure:10051: gcc -o conftest -g -O2   -export-dynamic conftest.c -ldl -lm -lm  >&5
configure:10051: $? = 0
configure:10051: result: yes
configure:10105: checking where to find the socket library calls
configure:10111: result: the standard library
configure:10120: checking for struct stat.st_blksize
configure:10120: gcc -c -g -O2  conftest.c >&5
configure:10120: $? = 0
configure:10120: result: yes
configure:10133: checking whether time.h and sys/time.h may both be included
configure:10160: result: yes
configure:10168: checking whether struct tm is in sys/time.h or time.h
configure:10188: gcc -c -g -O2  conftest.c >&5
configure:10188: $? = 0
configure:10195: result: time.h
configure:10203: checking for struct tm.tm_zone
configure:10203: gcc -c -g -O2  conftest.c >&5
configure:10203: $? = 0
configure:10203: result: yes
configure:10271: checking whether char is unsigned
configure:10289: gcc -c -g -O2  conftest.c >&5
configure:10289: $? = 0
configure:10296: result: no
configure:10303: checking for an ANSI C-conforming const
configure:10368: gcc -c -g -O2  conftest.c >&5
configure:10368: $? = 0
configure:10375: result: yes
configure:10383: checking for C/C++ restrict keyword
configure:10408: gcc -c -g -O2  conftest.c >&5
configure:10408: $? = 0
configure:10416: result: __restrict
configure:10429: checking for inline
configure:10445: gcc -c -g -O2  conftest.c >&5
configure:10445: $? = 0
configure:10453: result: inline
configure:10471: checking for preprocessor stringizing operator
configure:10491: result: yes
configure:10620: creating ./config.status

## ---------------------- ##
## Running config.status. ##
## ---------------------- ##

This file was extended by GNU Awk config.status 3.1.8, which was
generated by GNU Autoconf 2.65.  Invocation command line was

  CONFIG_FILES    = 
  CONFIG_HEADERS  = 
  CONFIG_LINKS    = 
  CONFIG_COMMANDS = 
  $ ./config.status 

on alejandro

config.status:1001: creating Makefile
config.status:1001: creating awklib/Makefile
config.status:1001: creating doc/Makefile
config.status:1001: creating po/Makefile.in
config.status:1001: creating test/Makefile
config.status:1001: creating config.h
config.status:1221: executing depfiles commands
config.status:1221: executing po-directories commands

## ---------------- ##
## Cache variables. ##
## ---------------- ##

ac_cv_build=x86_64-unknown-linux-gnu
ac_cv_c_char_unsigned=no
ac_cv_c_compiler_gnu=yes
ac_cv_c_const=yes
ac_cv_c_inline=inline
ac_cv_c_restrict=__restrict
ac_cv_c_stringize=yes
ac_cv_env_CC_set=
ac_cv_env_CC_value=
ac_cv_env_CFLAGS_set=
ac_cv_env_CFLAGS_value=
ac_cv_env_CPPFLAGS_set=
ac_cv_env_CPPFLAGS_value=
ac_cv_env_CPP_set=
ac_cv_env_CPP_value=
ac_cv_env_LDFLAGS_set=
ac_cv_env_LDFLAGS_value=
ac_cv_env_LIBS_set=
ac_cv_env_LIBS_value=
ac_cv_env_YACC_set=
ac_cv_env_YACC_value=
ac_cv_env_YFLAGS_set=
ac_cv_env_YFLAGS_value=
ac_cv_env_build_alias_set=
ac_cv_env_build_alias_value=
ac_cv_env_host_alias_set=
ac_cv_env_host_alias_value=
ac_cv_env_target_alias_set=
ac_cv_env_target_alias_value=
ac_cv_func__doprnt=no
ac_cv_func_alarm=yes
ac_cv_func_atexit=yes
ac_cv_func_btowc=yes
ac_cv_func_connect=yes
ac_cv_func_fmod=yes
ac_cv_func_getaddrinfo=yes
ac_cv_func_getgrent=yes
ac_cv_func_getgroups=yes
ac_cv_func_gethostbyname=yes
ac_cv_func_getpgrp_void=yes
ac_cv_func_grantpt=yes
ac_cv_func_isascii=yes
ac_cv_func_iswctype=yes
ac_cv_func_iswlower=yes
ac_cv_func_iswupper=yes
ac_cv_func_mbrlen=yes
ac_cv_func_mbrtowc=yes
ac_cv_func_memcmp=yes
ac_cv_func_memcpy=yes
ac_cv_func_memcpy_ulong=no
ac_cv_func_memmove=yes
ac_cv_func_memset=yes
ac_cv_func_memset_ulong=no
ac_cv_func_mkstemp=yes
ac_cv_func_setlocale=yes
ac_cv_func_snprintf=yes
ac_cv_func_strchr=yes
ac_cv_func_strerror=yes
ac_cv_func_strftime=yes
ac_cv_func_strncasecmp=yes
ac_cv_func_strtod=yes
ac_cv_func_strtoul=yes
ac_cv_func_system=yes
ac_cv_func_tmpfile=yes
ac_cv_func_towlower=yes
ac_cv_func_towupper=yes
ac_cv_func_tzset=yes
ac_cv_func_usleep=yes
ac_cv_func_vprintf=yes
ac_cv_func_wcrtomb=yes
ac_cv_func_wcscoll=yes
ac_cv_func_wctype=yes
ac_cv_func_working_mktime=yes
ac_cv_header_arpa_inet_h=yes
ac_cv_header_dlfcn_h=yes
ac_cv_header_fcntl_h=yes
ac_cv_header_inttypes_h=yes
ac_cv_header_libintl_h=yes
ac_cv_header_limits_h=yes
ac_cv_header_locale_h=yes
ac_cv_header_mcheck_h=yes
ac_cv_header_memory_h=yes
ac_cv_header_minix_config_h=no
ac_cv_header_netdb_h=yes
ac_cv_header_netinet_in_h=yes
ac_cv_header_stdarg_h=yes
ac_cv_header_stdc=yes
ac_cv_header_stddef_h=yes
ac_cv_header_stdint_h=yes
ac_cv_header_stdlib_h=yes
ac_cv_header_string_h=yes
ac_cv_header_strings_h=yes
ac_cv_header_stropts_h=no
ac_cv_header_sys_param_h=yes
ac_cv_header_sys_socket_h=yes
ac_cv_header_sys_stat_h=yes
ac_cv_header_sys_time_h=yes
ac_cv_header_sys_types_h=yes
ac_cv_header_sys_wait_h=yes
ac_cv_header_termios_h=yes
ac_cv_header_time=yes
ac_cv_header_unistd_h=yes
ac_cv_header_wchar_h=yes
ac_cv_header_wctype_h=yes
ac_cv_host=x86_64-unknown-linux-gnu
ac_cv_lib_cposix_strerror=no
ac_cv_lib_m_fmod=yes
ac_cv_lib_m_isinf=yes
ac_cv_lib_m_ismod=no
ac_cv_libsigsegv=no
ac_cv_member_struct_stat_st_blksize=yes
ac_cv_member_struct_tm_tm_zone=yes
ac_cv_objext=o
ac_cv_path_EGREP='/usr/bin/grep -E'
ac_cv_path_GMSGFMT=/usr/bin/msgfmt
ac_cv_path_GREP=/usr/bin/grep
ac_cv_path_MSGFMT=/usr/bin/msgfmt
ac_cv_path_MSGMERGE=/usr/bin/msgmerge
ac_cv_path_XGETTEXT=/usr/bin/xgettext
ac_cv_path_mkdir=/usr/bin/mkdir
ac_cv_prog_AWK=mawk
ac_cv_prog_CPP='gcc -E'
ac_cv_prog_ac_ct_CC=gcc
ac_cv_prog_cc_c89=
ac_cv_prog_cc_g=yes
ac_cv_prog_make_make_set=yes
ac_cv_safe_to_define___extensions__=yes
ac_cv_search_dlopen=-ldl
ac_cv_sizeof_unsigned_int=4
ac_cv_sizeof_unsigned_long=8
ac_cv_struct_tm=time.h
ac_cv_sys_file_offset_bits=no
ac_cv_sys_largefile_CC=no
ac_cv_type_getgroups=gid_t
ac_cv_type_long_long=yes
ac_cv_type_long_long_int=yes
ac_cv_type_pid_t=yes
ac_cv_type_signal=void
ac_cv_type_size_t=yes
ac_cv_type_socklen_t=yes
ac_cv_type_ssize_t=yes
ac_cv_type_uid_t=yes
ac_cv_type_unsigned_long_long=yes
ac_cv_type_unsigned_long_long_int=yes
ac_cv_zos_uss=no
acl_cv_hardcode_direct=no
acl_cv_hardcode_libdir_flag_spec='${wl}-rpath ${wl}$libdir'
acl_cv_hardcode_libdir_separator=
acl_cv_hardcode_minus_L=no
acl_cv_libext=a
acl_cv_libname_spec='lib$name'
acl_cv_library_names_spec='$libname$shrext'
acl_cv_path_LD=/usr/bin/ld
acl_cv_prog_gnu_ld=yes
acl_cv_rpath=done
acl_cv_shlibext=so
acl_cv_wl=-Wl,
am_cv_CC_dependencies_compiler_type=gcc3
am_cv_langinfo_codeset=yes
gawk_cv_aix_hack=no
gawk_cv_linux_alpha_hack=no
gl_cv_header_inttypes_h=yes
gl_cv_header_stdint_h=yes
gl_cv_lib_sigsegv=no
gt_cv_func_CFLocaleCopyCurrent=no
gt_cv_func_CFPreferencesCopyAppValue=no
gt_cv_func_gnugettext1_libc=yes
gt_cv_val_LC_MESSAGES=yes

## ----------------- ##
## Output variables. ##
## ----------------- ##

ACLOCAL='${SHELL} /home/alejandro/Documentos/Heap-Managers/gawk-3.1.8/missing --run aclocal-1.11'
AMDEPBACKSLASH='\'
AMDEP_FALSE='#'
AMDEP_TRUE=''
AMTAR='${SHELL} /home/alejandro/Documentos/Heap-Managers/gawk-3.1.8/missing --run tar'
ANSI2KNR=''
AUTOCONF='${SHELL} /home/alejandro/Documentos/Heap-Managers/gawk-3.1.8/missing --run autoconf'
AUTOHEADER='${SHELL} /home/alejandro/Documentos/Heap-Managers/gawk-3.1.8/missing --run autoheader'
AUTOMAKE='${SHELL} /home/alejandro/Documentos/Heap-Managers/gawk-3.1.8/missing --run automake-1.11'
AWK='mawk'
CC='gcc'
CCDEPMODE='depmode=gcc3'
CFLAGS='-g -O2'
CPP='gcc -E'
CPPFLAGS=''
CYGPATH_W='echo'
DEFS='-DHAVE_CONFIG_H'
DEPDIR='.deps'
ECHO_C=''
ECHO_N='-n'
ECHO_T=''
EGREP='/usr/bin/grep -E'
EXEEXT=''
GETTEXT_MACRO_VERSION='0.17'
GMSGFMT='/usr/bin/msgfmt'
GMSGFMT_015='/usr/bin/msgfmt'
GREP='/usr/bin/grep'
HAVE_LIBSIGSEGV='no'
INSTALL_DATA='${INSTALL} -m 644'
INSTALL_PROGRAM='${INSTALL}'
INSTALL_SCRIPT='${INSTALL}'
INSTALL_STRIP_PROGRAM='$(install_sh) -c -s'
INTLLIBS=''
INTL_MACOSX_LIBS=''
LDFLAGS=' -export-dynamic'
LIBICONV='-liconv'
LIBINTL=''
LIBOBJS=''
LIBS='-ldl -lm -lm '
LIBSIGSEGV=''
LIBSIGSEGV_PREFIX=''
LN_S='ln -s'
LTLIBICONV='-liconv'
LTLIBINTL=''
LTLIBOBJS=''
LTLIBSIGSEGV=''
MAKEINFO='${SHELL} /home/alejandro/Documentos/Heap-Managers/gawk-3.1.8/missing --run makeinfo'
MKDIR_P='/usr/bin/mkdir -p'
MSGFMT='/usr/bin/msgfmt'
MSGFMT_015='/usr/bin/msgfmt'
MSGMERGE='/usr/bin/msgmerge'
OBJEXT='o'
PACKAGE='gawk'
PACKAGE_BUGREPORT='bug-gawk@gnu.org'
PACKAGE_NAME='GNU Awk'
PACKAGE_STRING='GNU Awk 3.1.8'
PACKAGE_TARNAME='gawk'
PACKAGE_URL='http://www.gnu.org/software/gawk/'
PACKAGE_VERSION='3.1.8'
PATH_SEPARATOR=':'
POSUB='po'
SET_MAKE=''
SHELL='/bin/bash'
SOCKET_LIBS=''
STRIP=''
U=''
USE_NLS='yes'
VERSION='3.1.8'
XGETTEXT='/usr/bin/xgettext'
XGETTEXT_015='/usr/bin/xgettext'
XGETTEXT_EXTRA_OPTIONS=''
YACC='yacc'
YFLAGS=''
ac_ct_CC='gcc'
am__EXEEXT_FALSE=''
am__EXEEXT_TRUE='#'
am__fastdepCC_FALSE='#'
am__fastdepCC_TRUE=''
am__include='include'
am__isrc=''
am__leading_dot='.'
am__quote=''
am__tar='${AMTAR} chof - "$$tardir"'
am__untar='${AMTAR} xf -'
bindir='${exec_prefix}/bin'
build='x86_64-unknown-linux-gnu'
build_alias=''
build_cpu='x86_64'
build_os='linux-gnu'
build_vendor='unknown'
datadir='${datarootdir}'
datarootdir='${prefix}/share'
docdir='${datarootdir}/doc/${PACKAGE_TARNAME}'
dvidir='${docdir}'
exec_prefix='${prefix}'
host='x86_64-unknown-linux-gnu'
host_alias=''
host_cpu='x86_64'
host_os='linux-gnu'
host_vendor='unknown'
htmldir='${docdir}'
includedir='${prefix}/include'
infodir='${datarootdir}/info'
install_sh='${SHELL} /home/alejandro/Documentos/Heap-Managers/gawk-3.1.8/install-sh'
libdir='${exec_prefix}/lib'
libexecdir='${exec_prefix}/libexec'
localedir='${datarootdir}/locale'
localstatedir='${prefix}/var'
mandir='${datarootdir}/man'
mkdir_p='/usr/bin/mkdir -p'
oldincludedir='/usr/include'
pdfdir='${docdir}'
prefix='/usr/local'
program_transform_name='s,x,x,'
psdir='${docdir}'
sbindir='${exec_prefix}/sbin'
sharedstatedir='${prefix}/com'
sysconfdir='${prefix}/etc'
target_alias=''

## ----------- ##
## confdefs.h. ##
## ----------- ##

/* confdefs.h */
#define PACKAGE_NAME "GNU Awk"
#define PACKAGE_TARNAME "gawk"
#define PACKAGE_VERSION "3.1.8"
#define PACKAGE_STRING "GNU Awk 3.1.8"
#define PACKAGE_BUGREPORT "bug-gawk@gnu.org"
#define PACKAGE_URL "http://www.gnu.org/software/gawk/"
#define PACKAGE "gawk"
#define VERSION "3.1.8"
#define STDC_HEADERS 1
#define HAVE_SYS_TYPES_H 1
#define HAVE_SYS_STAT_H 1
#define HAVE_STDLIB_H 1
#define HAVE_STRING_H 1
#define HAVE_MEMORY_H 1
#define HAVE_STRINGS_H 1
#define HAVE_INTTYPES_H 1
#define HAVE_STDINT_H 1
#define HAVE_UNISTD_H 1
#define __EXTENSIONS__ 1
#define _ALL_SOURCE 1
#define _GNU_SOURCE 1
#define _POSIX_PTHREAD_SEMANTICS 1
#define _TANDEM_SOURCE 1
#define PROTOTYPES 1
#define __PROTOTYPES 1
#define HAVE_STRING_H 1
#define ENABLE_NLS 1
#define HAVE_GETTEXT 1
#define HAVE_DCGETTEXT 1
#define HAVE_LANGINFO_CODESET 1
#define HAVE_LC_MESSAGES 1
#define STDC_HEADERS 1
#define HAVE_SYS_WAIT_H 1
#define TIME_WITH_SYS_TIME 1
#define HAVE_ARPA_INET_H 1
#define HAVE_FCNTL_H 1
#define HAVE_LIMITS_H 1
#define HAVE_LOCALE_H 1
#define HAVE_LIBINTL_H 1
#define HAVE_MCHECK_H 1
#define HAVE_NETDB_H 1
#define HAVE_NETINET_IN_H 1
#define HAVE_STDARG_H 1
#define HAVE_STDDEF_H 1
#define HAVE_STRING_H 1
#define HAVE_SYS_PARAM_H 1
#define HAVE_SYS_SOCKET_H 1
#define HAVE_SYS_TIME_H 1
#define HAVE_UNISTD_H 1
#define HAVE_TERMIOS_H 1
#define HAVE_WCHAR_H 1
#define HAVE_WCTYPE_H 1
#define HAVE_MEMORY_H 1
#define RETSIGTYPE void
#define GETGROUPS_T gid_t
#define HAVE_LONG_LONG_INT 1
#define HAVE_LONG_LONG 1
#define HAVE_UNSIGNED_LONG_LONG_INT 1
#define HAVE_UNSIGNED_LONG_LONG 1
#define HAVE_INTTYPES_H_WITH_UINTMAX 1
#define HAVE_STDINT_H_WITH_UINTMAX 1
#define HAVE_INTMAX_T 1
#define HAVE_UINTMAX_T 1
#define SIZEOF_UNSIGNED_INT 4
#define SIZEOF_UNSIGNED_LONG 8
#define SPRINTF_RET int
#define TIME_T_IN_SYS_TYPES_H 1
#define HAVE_WCTYPE_T 1
#define HAVE_WINT_T 1
#define HAVE_SOCKADDR_STORAGE 1
#define HAVE_VPRINTF 1
#define HAVE_SYS_TIME_H 1
#define HAVE_UNISTD_H 1
#define HAVE_ALARM 1
#define HAVE_MKTIME 1
#define HAVE_GETADDRINFO 1
#define HAVE_LIBM 1
#define HAVE_LIBM 1
#define HAVE_ATEXIT 1
#define HAVE_BTOWC 1
#define HAVE_FMOD 1
#define HAVE_GETGRENT 1
#define HAVE_GETGROUPS 1
#define HAVE_GRANTPT 1
#define HAVE_ISASCII 1
#define HAVE_ISWCTYPE 1
#define HAVE_ISWLOWER 1
#define HAVE_ISWUPPER 1
#define HAVE_MBRLEN 1
#define HAVE_MEMCMP 1
#define HAVE_MEMCPY 1
#define HAVE_MEMMOVE 1
#define HAVE_MEMSET 1
#define HAVE_MKSTEMP 1
#define HAVE_SETLOCALE 1
#define HAVE_SNPRINTF 1
#define HAVE_STRCHR 1
#define HAVE_STRERROR 1
#define HAVE_STRFTIME 1
#define HAVE_STRNCASECMP 1
#define HAVE_STRTOD 1
#define HAVE_STRTOUL 1
#define HAVE_SYSTEM 1
#define HAVE_TMPFILE 1
#define HAVE_TOWLOWER 1
#define HAVE_TOWUPPER 1
#define HAVE_TZSET 1
#define HAVE_USLEEP 1
#define HAVE_WCRTOMB 1
#define HAVE_WCSCOLL 1
#define HAVE_WCSCOLL 1
#define HAVE_WCTYPE 1
#define HAVE_MBRTOWC 1
#define DYNAMIC 1
#define GETPGRP_VOID 1
#define PRINTF_HAS_F_FORMAT 1
#define HAVE_SOCKETS 1
#define HAVE_STRUCT_STAT_ST_BLKSIZE 1
#define HAVE_ST_BLKSIZE 1
#define TIME_WITH_SYS_TIME 1
#define HAVE_STRUCT_TM_TM_ZONE 1
#define HAVE_TM_ZONE 1
#define restrict __restrict
#define HAVE_STRINGIZE 1

configure: exit 0

## ---------------------- ##
## Running config.status. ##
## ---------------------- ##

This file was extended by GNU Awk config.status 3.1.8, which was
generated by GNU Autoconf 2.65.  Invocation command line was

  CONFIG_FILES    = 
  CONFIG_HEADERS  = 
  CONFIG_LINKS    = 
  CONFIG_COMMANDS = 
  $ ./config.status --file=version.c:version.in

on alejandro

config.status:1001: creating version.c
